------------------------------------------------------------------------
---------------------------- INICIALIZACION ----------------------------
------------------------------------------------------------------------
3
nombre leido: TASA_CL
lim_min: 0
lim_max: 100
decimales: 100
nombre leido: FACT_CL
lim_min: 0
lim_max: 100
decimales: 100
nombre leido: TASA_RP
lim_min: 0
lim_max: 100
decimales: 100
------------------------------------------------------------------------
-------------------- CREACION CONJUNTO INICIAL -------------------------
------------------------------------------------------------------------
(calibracion 0) 4 45 84 
4 45 84 ./csp instancias/pb_200_10.txt 0.5 0.0 0.8
ClonationFactor: 0.5
ClonationRate: 0
ReplaceRate: 16
Aptitud: 201.00

(calibracion 1) 57 0 18 
57 0 18 ./csp instancias/pb_200_10.txt 0.0 0.6 0.2
ClonationFactor: 0
ClonationRate: 12
ReplaceRate: 4
Aptitud: 190.00

(calibracion 2) 75 36 35 
75 36 35 ./csp instancias/pb_200_10.txt 0.4 0.8 0.3
ClonationFactor: 0.4
ClonationRate: 16
ReplaceRate: 6
Aptitud: 172.00

(calibracion 3) 13 6 96 
13 6 96 ./csp instancias/pb_200_10.txt 0.1 0.1 1.0
ClonationFactor: 0.1
ClonationRate: 2
ReplaceRate: 20
Aptitud: 237.00

(calibracion 4) 59 21 81 
59 21 81 ./csp instancias/pb_200_10.txt 0.2 0.6 0.8
ClonationFactor: 0.2
ClonationRate: 12
ReplaceRate: 16
Aptitud: 183.00

(calibracion 5) 62 21 0 
62 21 0 ./csp instancias/pb_200_10.txt 0.2 0.6 0.0
ClonationFactor: 0.2
ClonationRate: 12
ReplaceRate: 0
Aptitud: 166.00

------------------------------------------------------------------------
------------------------ CALCULANDO H0 ---------------------------------
------------------------------------------------------------------------
1.79176 1.56071 1.79176 
------------------------------------------------------------------------
----------------- ITERACION : 0 -------------------------------------
------------------------------------------------------------------------
-----------------AGREGANDO NUEVAS CALiBRACIONES ------------------------
------------------------------------------------------------------------
(calibracion 0) 64 30 73 ./csp instancias/pb_200_10.txt 0.3 0.6 0.7
ClonationFactor: 0.3
ClonationRate: 12
ReplaceRate: 14
Aptitud: 184.00

------------------------------------------------------------------------
----------------------------CALCULANDO K -------------------------------
------------------------------------------------------------------------
Parametro  |    H0    |    K    |   Rango   | Rango Inicial | 
0     1.79176     1.79176    [ 59 : 75]    [ 0 : 100]
1     1.56071     1.56071    [ 21 : 36]    [ 0 : 100]
2     1.79176     1.79176    [ 0 : 81]    [ 0 : 100]

-----------------------Calibraciones-------------------------
62 : 21 : 0 :  :: 166 :: 0
75 : 36 : 35 :  :: 172 :: 0
59 : 21 : 81 :  :: 183 :: 0
64 : 30 : 73 :  :: 184 :: 0
57 : 0 : 18 :  :: 190 :: 0
4 : 45 : 84 :  :: 201 :: 0
resumen
convergencia-instancias.conv
------------------------------------------------------------------------
---------------------------- RESUMEN FINAL -----------------------------
------------------------------------------------------------------------
		TASA_CL 		62 		[59 .. 75]
		FACT_CL 		21 		[21 .. 36]
		TASA_RP 		35 		[0 .. 81]
------------------------------------------------------------------------
------------------------------------------------------------------------
fin resumen
------------------------------------------------------------------------
----------------- ITERACION : 1 -------------------------------------
------------------------------------------------------------------------
-----------------AGREGANDO NUEVAS CALiBRACIONES ------------------------
------------------------------------------------------------------------
(calibracion 0) 75 22 9 ./csp instancias/pb_200_10.txt 0.2 0.8 0.1
ClonationFactor: 0.2
ClonationRate: 16
ReplaceRate: 2
Aptitud: 172.00

------------------------------------------------------------------------
----------------------------CALCULANDO K -------------------------------
------------------------------------------------------------------------
Parametro  |    H0    |    K    |   Rango   | Rango Inicial | 
0     1.79176     1.56071    [ 59 : 75]    [ 0 : 100]
1     1.56071     1.56071    [ 21 : 36]    [ 0 : 100]
2     1.79176     1.79176    [ 0 : 81]    [ 0 : 100]

-----------------------Calibraciones-------------------------
62 : 21 : 0 :  :: 166 :: 0
75 : 36 : 35 :  :: 172 :: 0
75 : 22 : 9 :  :: 172 :: 1
59 : 21 : 81 :  :: 183 :: 0
64 : 30 : 73 :  :: 184 :: 0
57 : 0 : 18 :  :: 190 :: 0
resumen
convergencia-instancias.conv
------------------------------------------------------------------------
---------------------------- RESUMEN FINAL -----------------------------
------------------------------------------------------------------------
		TASA_CL 		75 		[62 .. 75]
		FACT_CL 		22 		[21 .. 36]
		TASA_RP 		9 		[0 .. 35]
------------------------------------------------------------------------
------------------------------------------------------------------------
fin resumen
------------------------------------------------------------------------
----------------- ITERACION : 2 -------------------------------------
------------------------------------------------------------------------
-----------------AGREGANDO NUEVAS CALiBRACIONES ------------------------
------------------------------------------------------------------------
(calibracion 0) 71 29 15 ./csp instancias/pb_200_10.txt 0.3 0.7 0.1
ClonationFactor: 0.3
ClonationRate: 14
ReplaceRate: 2
Aptitud: 171.00

------------------------------------------------------------------------
----------------------------CALCULANDO K -------------------------------
------------------------------------------------------------------------
Parametro  |    H0    |    K    |   Rango   | Rango Inicial | 
0     1.79176     1.56071    [ 62 : 75]    [ 0 : 100]
1     1.56071     1.56071    [ 21 : 36]    [ 0 : 100]
2     1.79176     1.79176    [ 0 : 35]    [ 0 : 100]

-----------------------Calibraciones-------------------------
62 : 21 : 0 :  :: 166 :: 0
71 : 29 : 15 :  :: 171 :: 2
75 : 36 : 35 :  :: 172 :: 0
75 : 22 : 9 :  :: 172 :: 1
59 : 21 : 81 :  :: 183 :: 0
64 : 30 : 73 :  :: 184 :: 0
resumen
convergencia-instancias.conv
------------------------------------------------------------------------
---------------------------- RESUMEN FINAL -----------------------------
------------------------------------------------------------------------
		TASA_CL 		71 		[62 .. 75]
		FACT_CL 		29 		[21 .. 36]
		TASA_RP 		15 		[0 .. 35]
------------------------------------------------------------------------
------------------------------------------------------------------------
fin resumen
------------------------------------------------------------------------
----------------- ITERACION : 3 -------------------------------------
------------------------------------------------------------------------
-----------------AGREGANDO NUEVAS CALiBRACIONES ------------------------
------------------------------------------------------------------------
(calibracion 0) 72 26 24 ./csp instancias/pb_200_10.txt 0.3 0.7 0.2
ClonationFactor: 0.3
ClonationRate: 14
ReplaceRate: 4
Aptitud: 169.00

------------------------------------------------------------------------
----------------------------CALCULANDO K -------------------------------
------------------------------------------------------------------------
Parametro  |    H0    |    K    |   Rango   | Rango Inicial | 
0     1.79176     1.56071    [ 62 : 75]    [ 0 : 100]
1     1.56071     1.56071    [ 21 : 36]    [ 0 : 100]
2     1.79176     1.79176    [ 0 : 35]    [ 0 : 100]

-----------------------Calibraciones-------------------------
62 : 21 : 0 :  :: 166 :: 0
72 : 26 : 24 :  :: 169 :: 3
71 : 29 : 15 :  :: 171 :: 2
75 : 36 : 35 :  :: 172 :: 0
75 : 22 : 9 :  :: 172 :: 1
59 : 21 : 81 :  :: 183 :: 0
resumen
convergencia-instancias.conv
------------------------------------------------------------------------
---------------------------- RESUMEN FINAL -----------------------------
------------------------------------------------------------------------
		TASA_CL 		71 		[62 .. 72]
		FACT_CL 		26 		[21 .. 29]
		TASA_RP 		15 		[0 .. 24]
------------------------------------------------------------------------
------------------------------------------------------------------------
fin resumen
------------------------------------------------------------------------
----------------- ITERACION : 4 -------------------------------------
------------------------------------------------------------------------
-----------------AGREGANDO NUEVAS CALiBRACIONES ------------------------
------------------------------------------------------------------------
(calibracion 0) 69 26 6 ./csp instancias/pb_200_10.txt 0.3 0.7 0.1
ClonationFactor: 0.3
ClonationRate: 14
ReplaceRate: 2
Aptitud: 182.00

------------------------------------------------------------------------
----------------------------CALCULANDO K -------------------------------
------------------------------------------------------------------------
Parametro  |    H0    |    K    |   Rango   | Rango Inicial | 
0     1.79176     1.56071    [ 62 : 72]    [ 0 : 100]
1     1.56071     1.56071    [ 21 : 29]    [ 0 : 100]
2     1.79176     1.79176    [ 0 : 24]    [ 0 : 100]

-----------------------Calibraciones-------------------------
62 : 21 : 0 :  :: 166 :: 0
72 : 26 : 24 :  :: 169 :: 3
71 : 29 : 15 :  :: 171 :: 2
75 : 36 : 35 :  :: 172 :: 0
75 : 22 : 9 :  :: 172 :: 1
69 : 26 : 6 :  :: 182 :: 4
resumen
convergencia-instancias.conv
------------------------------------------------------------------------
---------------------------- RESUMEN FINAL -----------------------------
------------------------------------------------------------------------
		TASA_CL 		71 		[62 .. 72]
		FACT_CL 		26 		[21 .. 29]
		TASA_RP 		15 		[0 .. 24]
------------------------------------------------------------------------
------------------------------------------------------------------------
fin resumen
------------------------------------------------------------------------
----------------- ITERACION : 5 -------------------------------------
------------------------------------------------------------------------
-----------------AGREGANDO NUEVAS CALiBRACIONES ------------------------
------------------------------------------------------------------------
(calibracion 0) 67 26 5 ./csp instancias/pb_200_10.txt 0.3 0.7 0.1
ClonationFactor: 0.3
ClonationRate: 14
ReplaceRate: 2
Aptitud: 197.00

------------------------------------------------------------------------
----------------------------CALCULANDO K -------------------------------
------------------------------------------------------------------------
Parametro  |    H0    |    K    |   Rango   | Rango Inicial | 
0     1.79176     1.79176    [ 62 : 72]    [ 0 : 100]
1     1.56071     1.24245    [ 21 : 29]    [ 0 : 100]
2     1.79176     1.79176    [ 0 : 24]    [ 0 : 100]

-----------------------Calibraciones-------------------------
62 : 21 : 0 :  :: 166 :: 0
72 : 26 : 24 :  :: 169 :: 3
71 : 29 : 15 :  :: 171 :: 2
75 : 22 : 9 :  :: 172 :: 1
69 : 26 : 6 :  :: 182 :: 4
67 : 26 : 5 :  :: 197 :: 5
resumen
convergencia-instancias.conv
------------------------------------------------------------------------
---------------------------- RESUMEN FINAL -----------------------------
------------------------------------------------------------------------
		TASA_CL 		71 		[62 .. 72]
		FACT_CL 		26 		[21 .. 29]
		TASA_RP 		15 		[0 .. 24]
------------------------------------------------------------------------
------------------------------------------------------------------------
fin resumen
------------------------------------------------------------------------
----------------- ITERACION : 6 -------------------------------------
------------------------------------------------------------------------
-----------------AGREGANDO NUEVAS CALiBRACIONES ------------------------
------------------------------------------------------------------------
(calibracion 0) 69 27 9 ./csp instancias/pb_200_10.txt 0.3 0.7 0.1
ClonationFactor: 0.3
ClonationRate: 14
ReplaceRate: 2
Aptitud: 197.00

------------------------------------------------------------------------
----------------------------CALCULANDO K -------------------------------
------------------------------------------------------------------------
Parametro  |    H0    |    K    |   Rango   | Rango Inicial | 
0     1.79176     1.56071    [ 62 : 72]    [ 0 : 100]
1     1.56071     1.24245    [ 21 : 29]    [ 0 : 100]
2     1.79176     1.79176    [ 0 : 24]    [ 0 : 100]

-----------------------Calibraciones-------------------------
62 : 21 : 0 :  :: 166 :: 0
72 : 26 : 24 :  :: 169 :: 3
71 : 29 : 15 :  :: 171 :: 2
69 : 26 : 6 :  :: 182 :: 4
67 : 26 : 5 :  :: 197 :: 5
69 : 27 : 9 :  :: 197 :: 6
resumen
convergencia-instancias.conv
------------------------------------------------------------------------
---------------------------- RESUMEN FINAL -----------------------------
------------------------------------------------------------------------
		TASA_CL 		71 		[62 .. 72]
		FACT_CL 		26 		[21 .. 29]
		TASA_RP 		15 		[0 .. 24]
------------------------------------------------------------------------
------------------------------------------------------------------------
fin resumen
------------------------------------------------------------------------
----------------- ITERACION : 7 -------------------------------------
------------------------------------------------------------------------
-----------------AGREGANDO NUEVAS CALiBRACIONES ------------------------
------------------------------------------------------------------------
(calibracion 0) 69 22 2 ./csp instancias/pb_200_10.txt 0.2 0.7 0.0
ClonationFactor: 0.2
ClonationRate: 14
ReplaceRate: 0
Aptitud: 186.00

------------------------------------------------------------------------
----------------------------CALCULANDO K -------------------------------
------------------------------------------------------------------------
Parametro  |    H0    |    K    |   Rango   | Rango Inicial | 
0     1.79176     1.24245    [ 62 : 72]    [ 0 : 100]
1     1.56071     1.24245    [ 21 : 26]    [ 0 : 100]
2     1.79176     1.79176    [ 0 : 24]    [ 0 : 100]

-----------------------Calibraciones-------------------------
62 : 21 : 0 :  :: 166 :: 0
72 : 26 : 24 :  :: 169 :: 3
69 : 26 : 6 :  :: 182 :: 4
69 : 22 : 2 :  :: 186 :: 7
67 : 26 : 5 :  :: 197 :: 5
69 : 27 : 9 :  :: 197 :: 6
resumen
convergencia-instancias.conv
------------------------------------------------------------------------
---------------------------- RESUMEN FINAL -----------------------------
------------------------------------------------------------------------
		TASA_CL 		69 		[62 .. 72]
		FACT_CL 		26 		[21 .. 26]
		TASA_RP 		6 		[0 .. 24]
------------------------------------------------------------------------
------------------------------------------------------------------------
fin resumen
------------------------------------------------------------------------
----------------- ITERACION : 8 -------------------------------------
------------------------------------------------------------------------
-----------------AGREGANDO NUEVAS CALiBRACIONES ------------------------
------------------------------------------------------------------------
(calibracion 0) 69 25 4 ./csp instancias/pb_200_10.txt 0.2 0.7 0.0
ClonationFactor: 0.2
ClonationRate: 14
ReplaceRate: 0
Aptitud: 186.00

------------------------------------------------------------------------
----------------------------CALCULANDO K -------------------------------
------------------------------------------------------------------------
Parametro  |    H0    |    K    |   Rango   | Rango Inicial | 
0     1.79176     0.867563    [ 62 : 69]    [ 0 : 100]
1     1.56071     1.56071    [ 21 : 26]    [ 0 : 100]
2     1.79176     1.79176    [ 0 : 6]    [ 0 : 100]

-----------------------Calibraciones-------------------------
62 : 21 : 0 :  :: 166 :: 0
69 : 26 : 6 :  :: 182 :: 4
69 : 22 : 2 :  :: 186 :: 7
69 : 25 : 4 :  :: 186 :: 8
67 : 26 : 5 :  :: 197 :: 5
69 : 27 : 9 :  :: 197 :: 6
resumen
convergencia-instancias.conv
------------------------------------------------------------------------
---------------------------- RESUMEN FINAL -----------------------------
------------------------------------------------------------------------
		TASA_CL 		69 		[62 .. 69]
		FACT_CL 		22 		[21 .. 26]
		TASA_RP 		2 		[0 .. 6]
------------------------------------------------------------------------
------------------------------------------------------------------------
fin resumen
------------------------------------------------------------------------
----------------- ITERACION : 9 -------------------------------------
------------------------------------------------------------------------
-----------------AGREGANDO NUEVAS CALiBRACIONES ------------------------
------------------------------------------------------------------------
(calibracion 0) 69 22 4 ./csp instancias/pb_200_10.txt 0.2 0.7 0.0
ClonationFactor: 0.2
ClonationRate: 14
ReplaceRate: 0
Aptitud: 173.00

------------------------------------------------------------------------
----------------------------CALCULANDO K -------------------------------
------------------------------------------------------------------------
Parametro  |    H0    |    K    |   Rango   | Rango Inicial | 
0     1.79176     0.867563    [ 62 : 69]    [ 0 : 100]
1     1.56071     1.56071    [ 21 : 25]    [ 0 : 100]
2     1.79176     1.56071    [ 0 : 4]    [ 0 : 100]

-----------------------Calibraciones-------------------------
62 : 21 : 0 :  :: 166 :: 0
69 : 22 : 4 :  :: 173 :: 9
69 : 22 : 2 :  :: 186 :: 7
69 : 25 : 4 :  :: 186 :: 8
67 : 26 : 5 :  :: 197 :: 5
69 : 27 : 9 :  :: 197 :: 6
resumen
convergencia-instancias.conv
------------------------------------------------------------------------
---------------------------- RESUMEN FINAL -----------------------------
------------------------------------------------------------------------
		TASA_CL 		69 		[62 .. 69]
		FACT_CL 		22 		[21 .. 22]
		TASA_RP 		2 		[0 .. 4]
------------------------------------------------------------------------
------------------------------------------------------------------------
fin resumen
------------------------------------------------------------------------
----------------- ITERACION : 10 -------------------------------------
------------------------------------------------------------------------
-----------------AGREGANDO NUEVAS CALiBRACIONES ------------------------
------------------------------------------------------------------------
(calibracion 0) 64 22 1 ./csp instancias/pb_200_10.txt 0.2 0.6 0.0
ClonationFactor: 0.2
ClonationRate: 12
ReplaceRate: 0
Aptitud: 172.00

------------------------------------------------------------------------
----------------------------CALCULANDO K -------------------------------
------------------------------------------------------------------------
Parametro  |    H0    |    K    |   Rango   | Rango Inicial | 
0     1.79176     0.867563    [ 62 : 69]    [ 0 : 100]
1     1.56071     1.24245    [ 21 : 22]    [ 0 : 100]
2     1.79176     1.56071    [ 0 : 4]    [ 0 : 100]

-----------------------Calibraciones-------------------------
62 : 21 : 0 :  :: 166 :: 0
64 : 22 : 1 :  :: 172 :: 10
69 : 22 : 4 :  :: 173 :: 9
69 : 22 : 2 :  :: 186 :: 7
69 : 25 : 4 :  :: 186 :: 8
69 : 27 : 9 :  :: 197 :: 6
resumen
convergencia-instancias.conv
------------------------------------------------------------------------
---------------------------- RESUMEN FINAL -----------------------------
------------------------------------------------------------------------
		TASA_CL 		64 		[62 .. 69]
		FACT_CL 		22 		[21 .. 22]
		TASA_RP 		1 		[0 .. 4]
------------------------------------------------------------------------
------------------------------------------------------------------------
fin resumen
------------------------------------------------------------------------
----------------- ITERACION : 11 -------------------------------------
------------------------------------------------------------------------
-----------------AGREGANDO NUEVAS CALiBRACIONES ------------------------
------------------------------------------------------------------------
(calibracion 0) 69 22 1 ./csp instancias/pb_200_10.txt 0.2 0.7 0.0
ClonationFactor: 0.2
ClonationRate: 14
ReplaceRate: 0
Aptitud: 193.00

------------------------------------------------------------------------
----------------------------CALCULANDO K -------------------------------
------------------------------------------------------------------------
Parametro  |    H0    |    K    |   Rango   | Rango Inicial | 
0     1.79176     0.867563    [ 62 : 69]    [ 0 : 100]
1     1.56071     0.867563    [ 21 : 22]    [ 0 : 100]
2     1.79176     1.32966    [ 0 : 4]    [ 0 : 100]

-----------------------Calibraciones-------------------------
62 : 21 : 0 :  :: 166 :: 0
64 : 22 : 1 :  :: 172 :: 10
69 : 22 : 4 :  :: 173 :: 9
69 : 22 : 2 :  :: 186 :: 7
69 : 25 : 4 :  :: 186 :: 8
69 : 22 : 1 :  :: 193 :: 11
resumen
convergencia-instancias.conv
------------------------------------------------------------------------
---------------------------- RESUMEN FINAL -----------------------------
------------------------------------------------------------------------
		TASA_CL 		64 		[62 .. 69]
		FACT_CL 		22 		[21 .. 22]
		TASA_RP 		1 		[0 .. 4]
------------------------------------------------------------------------
------------------------------------------------------------------------
fin resumen
------------------------------------------------------------------------
----------------- ITERACION : 12 -------------------------------------
------------------------------------------------------------------------
-----------------AGREGANDO NUEVAS CALiBRACIONES ------------------------
------------------------------------------------------------------------
(calibracion 0) 68 21 1 ./csp instancias/pb_200_10.txt 0.2 0.7 0.0
ClonationFactor: 0.2
ClonationRate: 14
ReplaceRate: 0
Aptitud: 149.00

------------------------------------------------------------------------
----------------------------CALCULANDO K -------------------------------
------------------------------------------------------------------------
Parametro  |    H0    |    K    |   Rango   | Rango Inicial | 
0     1.79176     1.24245    [ 62 : 69]    [ 0 : 100]
1     1.56071     1.0114    [ 21 : 22]    [ 0 : 100]
2     1.79176     1.0114    [ 0 : 4]    [ 0 : 100]

-----------------------Calibraciones-------------------------
68 : 21 : 1 :  :: 149 :: 12
62 : 21 : 0 :  :: 166 :: 0
64 : 22 : 1 :  :: 172 :: 10
69 : 22 : 4 :  :: 173 :: 9
69 : 25 : 4 :  :: 186 :: 8
69 : 22 : 1 :  :: 193 :: 11
resumen
convergencia-instancias.conv
------------------------------------------------------------------------
---------------------------- RESUMEN FINAL -----------------------------
------------------------------------------------------------------------
		TASA_CL 		64 		[62 .. 68]
		FACT_CL 		21 		[21 .. 22]
		TASA_RP 		1 		[0 .. 1]
------------------------------------------------------------------------
------------------------------------------------------------------------
fin resumen
------------------------------------------------------------------------
----------------- ITERACION : 13 -------------------------------------
------------------------------------------------------------------------
-----------------AGREGANDO NUEVAS CALiBRACIONES ------------------------
------------------------------------------------------------------------
(calibracion 0) 69 21 2 ./csp instancias/pb_200_10.txt 0.2 0.7 0.0
ClonationFactor: 0.2
ClonationRate: 14
ReplaceRate: 0
Aptitud: 164.00

------------------------------------------------------------------------
----------------------------CALCULANDO K -------------------------------
------------------------------------------------------------------------
Parametro  |    H0    |    K    |   Rango   | Rango Inicial | 
0     1.79176     0.867563    [ 64 : 69]    [ 0 : 100]
1     1.56071     1.0114    [ 21 : 22]    [ 0 : 100]
2     1.79176     1.0114    [ 1 : 4]    [ 0 : 100]

-----------------------Calibraciones-------------------------
68 : 21 : 1 :  :: 149 :: 12
69 : 21 : 2 :  :: 164 :: 13
64 : 22 : 1 :  :: 172 :: 10
69 : 22 : 4 :  :: 173 :: 9
69 : 25 : 4 :  :: 186 :: 8
69 : 22 : 1 :  :: 193 :: 11
resumen
convergencia-instancias.conv
------------------------------------------------------------------------
---------------------------- RESUMEN FINAL -----------------------------
------------------------------------------------------------------------
		TASA_CL 		68 		[64 .. 69]
		FACT_CL 		21 		[21 .. 22]
		TASA_RP 		1 		[1 .. 2]
------------------------------------------------------------------------
------------------------------------------------------------------------
fin resumen
------------------------------------------------------------------------
----------------- ITERACION : 14 -------------------------------------
------------------------------------------------------------------------
-----------------AGREGANDO NUEVAS CALiBRACIONES ------------------------
------------------------------------------------------------------------
(calibracion 0) 69 21 2 ./csp instancias/pb_200_10.txt 0.2 0.7 0.0
ClonationFactor: 0.2
ClonationRate: 14
ReplaceRate: 0
Aptitud: 162.00

------------------------------------------------------------------------
----------------------------CALCULANDO K -------------------------------
------------------------------------------------------------------------
Parametro  |    H0    |    K    |   Rango   | Rango Inicial | 
0     1.79176     0.867563    [ 64 : 69]    [ 0 : 100]
1     1.56071     0.693147    [ 21 : 22]    [ 0 : 100]
2     1.79176     1.0114    [ 1 : 2]    [ 0 : 100]

-----------------------Calibraciones-------------------------
68 : 21 : 1 :  :: 149 :: 12
69 : 21 : 2 :  :: 162 :: 14
69 : 21 : 2 :  :: 164 :: 13
64 : 22 : 1 :  :: 172 :: 10
69 : 22 : 4 :  :: 173 :: 9
69 : 22 : 1 :  :: 193 :: 11
resumen
convergencia-instancias.conv
------------------------------------------------------------------------
---------------------------- RESUMEN FINAL -----------------------------
------------------------------------------------------------------------
		TASA_CL 		69 		[68 .. 69]
		FACT_CL 		21 		[21 .. 21]
		TASA_RP 		2 		[1 .. 2]
------------------------------------------------------------------------
------------------------------------------------------------------------
fin resumen
------------------------------------------------------------------------
----------------- ITERACION : 15 -------------------------------------
------------------------------------------------------------------------
-----------------AGREGANDO NUEVAS CALiBRACIONES ------------------------
------------------------------------------------------------------------
(calibracion 0) 68 21 2 ./csp instancias/pb_200_10.txt 0.2 0.7 0.0
ClonationFactor: 0.2
ClonationRate: 14
ReplaceRate: 0
Aptitud: 174.00

------------------------------------------------------------------------
----------------------------CALCULANDO K -------------------------------
------------------------------------------------------------------------
Parametro  |    H0    |    K    |   Rango   | Rango Inicial | 
0     1.79176     1.0114    [ 68 : 69]    [ 0 : 100]
1     1.56071     0.636514    [ 21 : 21]    [ 0 : 100]
2     1.79176     0.693147    [ 1 : 2]    [ 0 : 100]

-----------------------Calibraciones-------------------------
68 : 21 : 1 :  :: 149 :: 12
69 : 21 : 2 :  :: 162 :: 14
69 : 21 : 2 :  :: 164 :: 13
64 : 22 : 1 :  :: 172 :: 10
68 : 21 : 2 :  :: 174 :: 15
69 : 22 : 1 :  :: 193 :: 11
resumen
convergencia-instancias.conv
------------------------------------------------------------------------
---------------------------- RESUMEN FINAL -----------------------------
------------------------------------------------------------------------
		TASA_CL 		69 		[68 .. 69]
		FACT_CL 		21 		[21 .. 21]
		TASA_RP 		2 		[1 .. 2]
------------------------------------------------------------------------
------------------------------------------------------------------------
fin resumen
------------------------------------------------------------------------
----------------- ITERACION : 16 -------------------------------------
------------------------------------------------------------------------
-----------------AGREGANDO NUEVAS CALiBRACIONES ------------------------
------------------------------------------------------------------------
(calibracion 0) 68 21 1 ./csp instancias/pb_200_10.txt 0.2 0.7 0.0
ClonationFactor: 0.2
ClonationRate: 14
ReplaceRate: 0
Aptitud: 166.00

------------------------------------------------------------------------
----------------------------CALCULANDO K -------------------------------
------------------------------------------------------------------------
Parametro  |    H0    |    K    |   Rango   | Rango Inicial | 
0     1.79176     0.693147    [ 68 : 69]    [ 0 : 100]
1     1.56071     0.450561    [ 21 : 21]    [ 0 : 100]
2     1.79176     0.693147    [ 1 : 2]    [ 0 : 100]

-----------------------Calibraciones-------------------------
68 : 21 : 1 :  :: 149 :: 12
69 : 21 : 2 :  :: 162 :: 14
69 : 21 : 2 :  :: 164 :: 13
68 : 21 : 1 :  :: 166 :: 16
68 : 21 : 2 :  :: 174 :: 15
69 : 22 : 1 :  :: 193 :: 11
resumen
convergencia-instancias.conv
------------------------------------------------------------------------
---------------------------- RESUMEN FINAL -----------------------------
------------------------------------------------------------------------
		TASA_CL 		69 		[68 .. 69]
		FACT_CL 		21 		[21 .. 21]
		TASA_RP 		2 		[1 .. 2]
------------------------------------------------------------------------
------------------------------------------------------------------------
fin resumen
------------------------------------------------------------------------
----------------- ITERACION : 17 -------------------------------------
------------------------------------------------------------------------
-----------------AGREGANDO NUEVAS CALiBRACIONES ------------------------
------------------------------------------------------------------------
(calibracion 0) 68 21 1 ./csp instancias/pb_200_10.txt 0.2 0.7 0.0
ClonationFactor: 0.2
ClonationRate: 14
ReplaceRate: 0
Aptitud: 170.00

------------------------------------------------------------------------
----------------------------CALCULANDO K -------------------------------
------------------------------------------------------------------------
Parametro  |    H0    |    K    |   Rango   | Rango Inicial | 
0     1.79176     0.636514    [ 68 : 69]    [ 0 : 100]
1     1.56071     0    [ 21 : 21]    [ 0 : 100]
2     1.79176     0.693147    [ 1 : 2]    [ 0 : 100]

-----------------------Calibraciones-------------------------
68 : 21 : 1 :  :: 149 :: 12
69 : 21 : 2 :  :: 162 :: 14
69 : 21 : 2 :  :: 164 :: 13
68 : 21 : 1 :  :: 166 :: 16
68 : 21 : 1 :  :: 170 :: 17
68 : 21 : 2 :  :: 174 :: 15
resumen
convergencia-instancias.conv
------------------------------------------------------------------------
---------------------------- RESUMEN FINAL -----------------------------
------------------------------------------------------------------------
		TASA_CL 		69 		[68 .. 69]
		FACT_CL 		21 		[21 .. 21]
		TASA_RP 		2 		[1 .. 2]
------------------------------------------------------------------------
------------------------------------------------------------------------
fin resumen
------------------------------------------------------------------------
----------------- ITERACION : 18 -------------------------------------
------------------------------------------------------------------------
-----------------AGREGANDO NUEVAS CALiBRACIONES ------------------------
------------------------------------------------------------------------
(calibracion 0) 68 21 1 ./csp instancias/pb_200_10.txt 0.2 0.7 0.0
ClonationFactor: 0.2
ClonationRate: 14
ReplaceRate: 0
Aptitud: 163.00

------------------------------------------------------------------------
----------------------------CALCULANDO K -------------------------------
------------------------------------------------------------------------
Parametro  |    H0    |    K    |   Rango   | Rango Inicial | 
0     1.79176     0.450561    [ 68 : 69]    [ 0 : 100]
1     1.56071     0    [ 21 : 21]    [ 0 : 100]
2     1.79176     0.636514    [ 1 : 2]    [ 0 : 100]

-----------------------Calibraciones-------------------------
68 : 21 : 1 :  :: 149 :: 12
69 : 21 : 2 :  :: 162 :: 14
68 : 21 : 1 :  :: 163 :: 18
68 : 21 : 1 :  :: 166 :: 16
68 : 21 : 1 :  :: 170 :: 17
68 : 21 : 2 :  :: 174 :: 15
resumen
convergencia-instancias.conv
------------------------------------------------------------------------
---------------------------- RESUMEN FINAL -----------------------------
------------------------------------------------------------------------
		TASA_CL 		68 		[68 .. 69]
		FACT_CL 		21 		[21 .. 21]
		TASA_RP 		1 		[1 .. 2]
------------------------------------------------------------------------
------------------------------------------------------------------------
fin resumen
------------------------------------------------------------------------
----------------- ITERACION : 19 -------------------------------------
------------------------------------------------------------------------
-----------------AGREGANDO NUEVAS CALiBRACIONES ------------------------
------------------------------------------------------------------------
(calibracion 0) 68 21 1 ./csp instancias/pb_200_10.txt 0.2 0.7 0.0
ClonationFactor: 0.2
ClonationRate: 14
ReplaceRate: 0
Aptitud: 190.00

------------------------------------------------------------------------
----------------------------CALCULANDO K -------------------------------
------------------------------------------------------------------------
Parametro  |    H0    |    K    |   Rango   | Rango Inicial | 
0     1.79176     0    [ 68 : 68]    [ 0 : 100]
1     1.56071     0    [ 21 : 21]    [ 0 : 100]
2     1.79176     0.450561    [ 1 : 1]    [ 0 : 100]

ENTROOOOOOOOOOOOOOOOOOOOOOOOOOOOOOO
-----------------------Calibraciones-------------------------
68 : 21 : 1 :  :: 149 :: 12
68 : 21 : 1 :  :: 163 :: 18
68 : 21 : 1 :  :: 166 :: 16
68 : 21 : 1 :  :: 170 :: 17
68 : 21 : 2 :  :: 174 :: 15
68 : 21 : 1 :  :: 190 :: 19
resumen
convergencia-instancias.conv
------------------------------------------------------------------------
---------------------------- RESUMEN FINAL -----------------------------
------------------------------------------------------------------------
		TASA_CL 		68 		[68 .. 68]
		FACT_CL 		21 		[21 .. 21]
		TASA_RP 		1 		[1 .. 1]
------------------------------------------------------------------------
------------------------------------------------------------------------
fin resumen
-----------------------Calibraciones-------------------------
68 : 21 : 1 :  :: 149 :: 12
68 : 21 : 1 :  :: 163 :: 18
68 : 21 : 1 :  :: 166 :: 16
68 : 21 : 1 :  :: 170 :: 17
68 : 21 : 2 :  :: 174 :: 15
68 : 21 : 1 :  :: 190 :: 19
convergencia-instancias.conv
------------------------------------------------------------------------
---------------------------- RESUMEN FINAL -----------------------------
------------------------------------------------------------------------
		TASA_CL 		68 		[68 .. 68]
		FACT_CL 		21 		[21 .. 21]
		TASA_RP 		1 		[1 .. 1]
------------------------------------------------------------------------
------------------------------------------------------------------------
