------------------------------------------------------------------------
---------------------------- INICIALIZACION ----------------------------
------------------------------------------------------------------------
3
nombre leido: TASA_CL
lim_min: 0
lim_max: 100
decimales: 100
nombre leido: FACT_CL
lim_min: 0
lim_max: 100
decimales: 100
nombre leido: TASA_RP
lim_min: 0
lim_max: 100
decimales: 100
------------------------------------------------------------------------
-------------------- CREACION CONJUNTO INICIAL -------------------------
------------------------------------------------------------------------
(calibracion 0) 4 45 84 
4 45 84 ./csp instancias/pb_200_09.txt 0.5 0.0 0.8
ClonationFactor: 0.5
ClonationRate: 0
ReplaceRate: 16
Aptitud: 227.00

(calibracion 1) 57 0 18 
57 0 18 ./csp instancias/pb_200_09.txt 0.0 0.6 0.2
ClonationFactor: 0
ClonationRate: 12
ReplaceRate: 4
Aptitud: 209.00

(calibracion 2) 75 36 35 
75 36 35 ./csp instancias/pb_200_09.txt 0.4 0.8 0.3
ClonationFactor: 0.4
ClonationRate: 16
ReplaceRate: 6
Aptitud: 204.00

(calibracion 3) 13 6 96 
13 6 96 ./csp instancias/pb_200_09.txt 0.1 0.1 1.0
ClonationFactor: 0.1
ClonationRate: 2
ReplaceRate: 20
Aptitud: 250.00

(calibracion 4) 59 21 81 
59 21 81 ./csp instancias/pb_200_09.txt 0.2 0.6 0.8
ClonationFactor: 0.2
ClonationRate: 12
ReplaceRate: 16
Aptitud: 207.00

(calibracion 5) 62 21 0 
62 21 0 ./csp instancias/pb_200_09.txt 0.2 0.6 0.0
ClonationFactor: 0.2
ClonationRate: 12
ReplaceRate: 0
Aptitud: 194.00

------------------------------------------------------------------------
------------------------ CALCULANDO H0 ---------------------------------
------------------------------------------------------------------------
1.79176 1.56071 1.79176 
------------------------------------------------------------------------
----------------- ITERACION : 0 -------------------------------------
------------------------------------------------------------------------
-----------------AGREGANDO NUEVAS CALiBRACIONES ------------------------
------------------------------------------------------------------------
(calibracion 0) 64 30 73 ./csp instancias/pb_200_09.txt 0.3 0.6 0.7
ClonationFactor: 0.3
ClonationRate: 12
ReplaceRate: 14
Aptitud: 226.00

------------------------------------------------------------------------
----------------------------CALCULANDO K -------------------------------
------------------------------------------------------------------------
Parametro  |    H0    |    K    |   Rango   | Rango Inicial | 
0     1.79176     1.79176    [ 59 : 75]    [ 0 : 100]
1     1.56071     1.56071    [ 21 : 36]    [ 0 : 100]
2     1.79176     1.79176    [ 0 : 81]    [ 0 : 100]

-----------------------Calibraciones-------------------------
62 : 21 : 0 :  :: 194 :: 0
75 : 36 : 35 :  :: 204 :: 0
59 : 21 : 81 :  :: 207 :: 0
57 : 0 : 18 :  :: 209 :: 0
64 : 30 : 73 :  :: 226 :: 0
4 : 45 : 84 :  :: 227 :: 0
resumen
convergencia-instancias.conv
------------------------------------------------------------------------
---------------------------- RESUMEN FINAL -----------------------------
------------------------------------------------------------------------
		TASA_CL 		62 		[59 .. 75]
		FACT_CL 		21 		[21 .. 36]
		TASA_RP 		35 		[0 .. 81]
------------------------------------------------------------------------
------------------------------------------------------------------------
fin resumen
------------------------------------------------------------------------
----------------- ITERACION : 1 -------------------------------------
------------------------------------------------------------------------
-----------------AGREGANDO NUEVAS CALiBRACIONES ------------------------
------------------------------------------------------------------------
(calibracion 0) 75 22 9 ./csp instancias/pb_200_09.txt 0.2 0.8 0.1
ClonationFactor: 0.2
ClonationRate: 16
ReplaceRate: 2
Aptitud: 189.00

------------------------------------------------------------------------
----------------------------CALCULANDO K -------------------------------
------------------------------------------------------------------------
Parametro  |    H0    |    K    |   Rango   | Rango Inicial | 
0     1.79176     1.56071    [ 59 : 75]    [ 0 : 100]
1     1.56071     1.56071    [ 21 : 36]    [ 0 : 100]
2     1.79176     1.79176    [ 0 : 81]    [ 0 : 100]

-----------------------Calibraciones-------------------------
75 : 22 : 9 :  :: 189 :: 1
62 : 21 : 0 :  :: 194 :: 0
75 : 36 : 35 :  :: 204 :: 0
59 : 21 : 81 :  :: 207 :: 0
57 : 0 : 18 :  :: 209 :: 0
64 : 30 : 73 :  :: 226 :: 0
resumen
convergencia-instancias.conv
------------------------------------------------------------------------
---------------------------- RESUMEN FINAL -----------------------------
------------------------------------------------------------------------
		TASA_CL 		75 		[62 .. 75]
		FACT_CL 		22 		[21 .. 36]
		TASA_RP 		9 		[0 .. 35]
------------------------------------------------------------------------
------------------------------------------------------------------------
fin resumen
------------------------------------------------------------------------
----------------- ITERACION : 2 -------------------------------------
------------------------------------------------------------------------
-----------------AGREGANDO NUEVAS CALiBRACIONES ------------------------
------------------------------------------------------------------------
(calibracion 0) 71 29 15 ./csp instancias/pb_200_09.txt 0.3 0.7 0.1
ClonationFactor: 0.3
ClonationRate: 14
ReplaceRate: 2
Aptitud: 203.00

------------------------------------------------------------------------
----------------------------CALCULANDO K -------------------------------
------------------------------------------------------------------------
Parametro  |    H0    |    K    |   Rango   | Rango Inicial | 
0     1.79176     1.56071    [ 62 : 75]    [ 0 : 100]
1     1.56071     1.56071    [ 21 : 36]    [ 0 : 100]
2     1.79176     1.79176    [ 0 : 35]    [ 0 : 100]

-----------------------Calibraciones-------------------------
75 : 22 : 9 :  :: 189 :: 1
62 : 21 : 0 :  :: 194 :: 0
71 : 29 : 15 :  :: 203 :: 2
75 : 36 : 35 :  :: 204 :: 0
59 : 21 : 81 :  :: 207 :: 0
57 : 0 : 18 :  :: 209 :: 0
resumen
convergencia-instancias.conv
------------------------------------------------------------------------
---------------------------- RESUMEN FINAL -----------------------------
------------------------------------------------------------------------
		TASA_CL 		71 		[62 .. 75]
		FACT_CL 		22 		[21 .. 29]
		TASA_RP 		9 		[0 .. 15]
------------------------------------------------------------------------
------------------------------------------------------------------------
fin resumen
------------------------------------------------------------------------
----------------- ITERACION : 3 -------------------------------------
------------------------------------------------------------------------
-----------------AGREGANDO NUEVAS CALiBRACIONES ------------------------
------------------------------------------------------------------------
(calibracion 0) 72 23 10 ./csp instancias/pb_200_09.txt 0.2 0.7 0.1
ClonationFactor: 0.2
ClonationRate: 14
ReplaceRate: 2
Aptitud: 196.00

------------------------------------------------------------------------
----------------------------CALCULANDO K -------------------------------
------------------------------------------------------------------------
Parametro  |    H0    |    K    |   Rango   | Rango Inicial | 
0     1.79176     1.56071    [ 62 : 75]    [ 0 : 100]
1     1.56071     1.56071    [ 21 : 29]    [ 0 : 100]
2     1.79176     1.79176    [ 0 : 15]    [ 0 : 100]

-----------------------Calibraciones-------------------------
75 : 22 : 9 :  :: 189 :: 1
62 : 21 : 0 :  :: 194 :: 0
72 : 23 : 10 :  :: 196 :: 3
71 : 29 : 15 :  :: 203 :: 2
75 : 36 : 35 :  :: 204 :: 0
59 : 21 : 81 :  :: 207 :: 0
resumen
convergencia-instancias.conv
------------------------------------------------------------------------
---------------------------- RESUMEN FINAL -----------------------------
------------------------------------------------------------------------
		TASA_CL 		72 		[62 .. 75]
		FACT_CL 		22 		[21 .. 23]
		TASA_RP 		9 		[0 .. 10]
------------------------------------------------------------------------
------------------------------------------------------------------------
fin resumen
------------------------------------------------------------------------
----------------- ITERACION : 4 -------------------------------------
------------------------------------------------------------------------
-----------------AGREGANDO NUEVAS CALiBRACIONES ------------------------
------------------------------------------------------------------------
(calibracion 0) 71 22 2 ./csp instancias/pb_200_09.txt 0.2 0.7 0.0
ClonationFactor: 0.2
ClonationRate: 14
ReplaceRate: 0
Aptitud: 204.00

------------------------------------------------------------------------
----------------------------CALCULANDO K -------------------------------
------------------------------------------------------------------------
Parametro  |    H0    |    K    |   Rango   | Rango Inicial | 
0     1.79176     1.32966    [ 62 : 75]    [ 0 : 100]
1     1.56071     1.56071    [ 21 : 23]    [ 0 : 100]
2     1.79176     1.79176    [ 0 : 10]    [ 0 : 100]

-----------------------Calibraciones-------------------------
75 : 22 : 9 :  :: 189 :: 1
62 : 21 : 0 :  :: 194 :: 0
72 : 23 : 10 :  :: 196 :: 3
71 : 29 : 15 :  :: 203 :: 2
75 : 36 : 35 :  :: 204 :: 0
71 : 22 : 2 :  :: 204 :: 4
resumen
convergencia-instancias.conv
------------------------------------------------------------------------
---------------------------- RESUMEN FINAL -----------------------------
------------------------------------------------------------------------
		TASA_CL 		72 		[62 .. 75]
		FACT_CL 		22 		[21 .. 23]
		TASA_RP 		9 		[0 .. 10]
------------------------------------------------------------------------
------------------------------------------------------------------------
fin resumen
------------------------------------------------------------------------
----------------- ITERACION : 5 -------------------------------------
------------------------------------------------------------------------
-----------------AGREGANDO NUEVAS CALiBRACIONES ------------------------
------------------------------------------------------------------------
(calibracion 0) 69 22 2 ./csp instancias/pb_200_09.txt 0.2 0.7 0.0
ClonationFactor: 0.2
ClonationRate: 14
ReplaceRate: 0
Aptitud: 201.00

------------------------------------------------------------------------
----------------------------CALCULANDO K -------------------------------
------------------------------------------------------------------------
Parametro  |    H0    |    K    |   Rango   | Rango Inicial | 
0     1.79176     1.56071    [ 62 : 75]    [ 0 : 100]
1     1.56071     1.24245    [ 21 : 23]    [ 0 : 100]
2     1.79176     1.56071    [ 0 : 10]    [ 0 : 100]

-----------------------Calibraciones-------------------------
75 : 22 : 9 :  :: 189 :: 1
62 : 21 : 0 :  :: 194 :: 0
72 : 23 : 10 :  :: 196 :: 3
69 : 22 : 2 :  :: 201 :: 5
71 : 29 : 15 :  :: 203 :: 2
71 : 22 : 2 :  :: 204 :: 4
resumen
convergencia-instancias.conv
------------------------------------------------------------------------
---------------------------- RESUMEN FINAL -----------------------------
------------------------------------------------------------------------
		TASA_CL 		72 		[62 .. 75]
		FACT_CL 		22 		[21 .. 23]
		TASA_RP 		9 		[0 .. 10]
------------------------------------------------------------------------
------------------------------------------------------------------------
fin resumen
------------------------------------------------------------------------
----------------- ITERACION : 6 -------------------------------------
------------------------------------------------------------------------
-----------------AGREGANDO NUEVAS CALiBRACIONES ------------------------
------------------------------------------------------------------------
(calibracion 0) 73 23 5 ./csp instancias/pb_200_09.txt 0.2 0.7 0.1
ClonationFactor: 0.2
ClonationRate: 14
ReplaceRate: 2
Aptitud: 184.00

------------------------------------------------------------------------
----------------------------CALCULANDO K -------------------------------
------------------------------------------------------------------------
Parametro  |    H0    |    K    |   Rango   | Rango Inicial | 
0     1.79176     1.56071    [ 69 : 75]    [ 0 : 100]
1     1.56071     1.0114    [ 22 : 23]    [ 0 : 100]
2     1.79176     1.56071    [ 2 : 10]    [ 0 : 100]

-----------------------Calibraciones-------------------------
73 : 23 : 5 :  :: 184 :: 6
75 : 22 : 9 :  :: 189 :: 1
72 : 23 : 10 :  :: 196 :: 3
69 : 22 : 2 :  :: 201 :: 5
71 : 29 : 15 :  :: 203 :: 2
71 : 22 : 2 :  :: 204 :: 4
resumen
convergencia-instancias.conv
------------------------------------------------------------------------
---------------------------- RESUMEN FINAL -----------------------------
------------------------------------------------------------------------
		TASA_CL 		73 		[72 .. 75]
		FACT_CL 		23 		[22 .. 23]
		TASA_RP 		9 		[5 .. 10]
------------------------------------------------------------------------
------------------------------------------------------------------------
fin resumen
------------------------------------------------------------------------
----------------- ITERACION : 7 -------------------------------------
------------------------------------------------------------------------
-----------------AGREGANDO NUEVAS CALiBRACIONES ------------------------
------------------------------------------------------------------------
(calibracion 0) 72 22 2 ./csp instancias/pb_200_09.txt 0.2 0.7 0.0
ClonationFactor: 0.2
ClonationRate: 14
ReplaceRate: 0
Aptitud: 208.00

------------------------------------------------------------------------
----------------------------CALCULANDO K -------------------------------
------------------------------------------------------------------------
Parametro  |    H0    |    K    |   Rango   | Rango Inicial | 
0     1.79176     1.32966    [ 69 : 73]    [ 0 : 100]
1     1.56071     1.0114    [ 22 : 23]    [ 0 : 100]
2     1.79176     1.24245    [ 2 : 10]    [ 0 : 100]

-----------------------Calibraciones-------------------------
73 : 23 : 5 :  :: 184 :: 6
72 : 23 : 10 :  :: 196 :: 3
69 : 22 : 2 :  :: 201 :: 5
71 : 29 : 15 :  :: 203 :: 2
71 : 22 : 2 :  :: 204 :: 4
72 : 22 : 2 :  :: 208 :: 7
resumen
convergencia-instancias.conv
------------------------------------------------------------------------
---------------------------- RESUMEN FINAL -----------------------------
------------------------------------------------------------------------
		TASA_CL 		72 		[69 .. 73]
		FACT_CL 		23 		[22 .. 23]
		TASA_RP 		5 		[2 .. 10]
------------------------------------------------------------------------
------------------------------------------------------------------------
fin resumen
------------------------------------------------------------------------
----------------- ITERACION : 8 -------------------------------------
------------------------------------------------------------------------
-----------------AGREGANDO NUEVAS CALiBRACIONES ------------------------
------------------------------------------------------------------------
(calibracion 0) 73 23 7 ./csp instancias/pb_200_09.txt 0.2 0.7 0.1
ClonationFactor: 0.2
ClonationRate: 14
ReplaceRate: 2
Aptitud: 208.00

------------------------------------------------------------------------
----------------------------CALCULANDO K -------------------------------
------------------------------------------------------------------------
Parametro  |    H0    |    K    |   Rango   | Rango Inicial | 
0     1.79176     1.32966    [ 69 : 73]    [ 0 : 100]
1     1.56071     0.693147    [ 22 : 23]    [ 0 : 100]
2     1.79176     1.24245    [ 2 : 10]    [ 0 : 100]

-----------------------Calibraciones-------------------------
73 : 23 : 5 :  :: 184 :: 6
72 : 23 : 10 :  :: 196 :: 3
69 : 22 : 2 :  :: 201 :: 5
71 : 22 : 2 :  :: 204 :: 4
72 : 22 : 2 :  :: 208 :: 7
73 : 23 : 7 :  :: 208 :: 8
resumen
convergencia-instancias.conv
------------------------------------------------------------------------
---------------------------- RESUMEN FINAL -----------------------------
------------------------------------------------------------------------
		TASA_CL 		72 		[69 .. 73]
		FACT_CL 		23 		[22 .. 23]
		TASA_RP 		5 		[2 .. 10]
------------------------------------------------------------------------
------------------------------------------------------------------------
fin resumen
------------------------------------------------------------------------
----------------- ITERACION : 9 -------------------------------------
------------------------------------------------------------------------
-----------------AGREGANDO NUEVAS CALiBRACIONES ------------------------
------------------------------------------------------------------------
(calibracion 0) 73 22 5 ./csp instancias/pb_200_09.txt 0.2 0.7 0.1
ClonationFactor: 0.2
ClonationRate: 14
ReplaceRate: 2
Aptitud: 202.00

------------------------------------------------------------------------
----------------------------CALCULANDO K -------------------------------
------------------------------------------------------------------------
Parametro  |    H0    |    K    |   Rango   | Rango Inicial | 
0     1.79176     1.24245    [ 69 : 73]    [ 0 : 100]
1     1.56071     0.636514    [ 22 : 23]    [ 0 : 100]
2     1.79176     1.0114    [ 2 : 5]    [ 0 : 100]

-----------------------Calibraciones-------------------------
73 : 23 : 5 :  :: 184 :: 6
69 : 22 : 2 :  :: 201 :: 5
73 : 22 : 5 :  :: 202 :: 9
71 : 22 : 2 :  :: 204 :: 4
72 : 22 : 2 :  :: 208 :: 7
73 : 23 : 7 :  :: 208 :: 8
resumen
convergencia-instancias.conv
------------------------------------------------------------------------
---------------------------- RESUMEN FINAL -----------------------------
------------------------------------------------------------------------
		TASA_CL 		73 		[69 .. 73]
		FACT_CL 		22 		[22 .. 23]
		TASA_RP 		5 		[2 .. 5]
------------------------------------------------------------------------
------------------------------------------------------------------------
fin resumen
------------------------------------------------------------------------
----------------- ITERACION : 10 -------------------------------------
------------------------------------------------------------------------
-----------------AGREGANDO NUEVAS CALiBRACIONES ------------------------
------------------------------------------------------------------------
(calibracion 0) 70 23 3 ./csp instancias/pb_200_09.txt 0.2 0.7 0.0
ClonationFactor: 0.2
ClonationRate: 14
ReplaceRate: 0
Aptitud: 179.00

------------------------------------------------------------------------
----------------------------CALCULANDO K -------------------------------
------------------------------------------------------------------------
Parametro  |    H0    |    K    |   Rango   | Rango Inicial | 
0     1.79176     1.24245    [ 69 : 73]    [ 0 : 100]
1     1.56071     0.693147    [ 22 : 23]    [ 0 : 100]
2     1.79176     1.32966    [ 2 : 5]    [ 0 : 100]

-----------------------Calibraciones-------------------------
70 : 23 : 3 :  :: 179 :: 10
73 : 23 : 5 :  :: 184 :: 6
69 : 22 : 2 :  :: 201 :: 5
73 : 22 : 5 :  :: 202 :: 9
72 : 22 : 2 :  :: 208 :: 7
73 : 23 : 7 :  :: 208 :: 8
resumen
convergencia-instancias.conv
------------------------------------------------------------------------
---------------------------- RESUMEN FINAL -----------------------------
------------------------------------------------------------------------
		TASA_CL 		70 		[69 .. 73]
		FACT_CL 		23 		[22 .. 23]
		TASA_RP 		3 		[2 .. 5]
------------------------------------------------------------------------
------------------------------------------------------------------------
fin resumen
------------------------------------------------------------------------
----------------- ITERACION : 11 -------------------------------------
------------------------------------------------------------------------
-----------------AGREGANDO NUEVAS CALiBRACIONES ------------------------
------------------------------------------------------------------------
(calibracion 0) 73 23 4 ./csp instancias/pb_200_09.txt 0.2 0.7 0.0
ClonationFactor: 0.2
ClonationRate: 14
ReplaceRate: 0
Aptitud: 199.00

------------------------------------------------------------------------
----------------------------CALCULANDO K -------------------------------
------------------------------------------------------------------------
Parametro  |    H0    |    K    |   Rango   | Rango Inicial | 
0     1.79176     0.867563    [ 70 : 73]    [ 0 : 100]
1     1.56071     0.636514    [ 22 : 23]    [ 0 : 100]
2     1.79176     1.56071    [ 3 : 5]    [ 0 : 100]

-----------------------Calibraciones-------------------------
70 : 23 : 3 :  :: 179 :: 10
73 : 23 : 5 :  :: 184 :: 6
73 : 23 : 4 :  :: 199 :: 11
73 : 22 : 5 :  :: 202 :: 9
72 : 22 : 2 :  :: 208 :: 7
73 : 23 : 7 :  :: 208 :: 8
resumen
convergencia-instancias.conv
------------------------------------------------------------------------
---------------------------- RESUMEN FINAL -----------------------------
------------------------------------------------------------------------
		TASA_CL 		73 		[70 .. 73]
		FACT_CL 		23 		[23 .. 23]
		TASA_RP 		4 		[3 .. 5]
------------------------------------------------------------------------
------------------------------------------------------------------------
fin resumen
------------------------------------------------------------------------
----------------- ITERACION : 12 -------------------------------------
------------------------------------------------------------------------
-----------------AGREGANDO NUEVAS CALiBRACIONES ------------------------
------------------------------------------------------------------------
(calibracion 0) 73 22 3 ./csp instancias/pb_200_09.txt 0.2 0.7 0.0
ClonationFactor: 0.2
ClonationRate: 14
ReplaceRate: 0
Aptitud: 192.00

------------------------------------------------------------------------
----------------------------CALCULANDO K -------------------------------
------------------------------------------------------------------------
Parametro  |    H0    |    K    |   Rango   | Rango Inicial | 
0     1.79176     0.867563    [ 70 : 73]    [ 0 : 100]
1     1.56071     0.693147    [ 22 : 23]    [ 0 : 100]
2     1.79176     1.56071    [ 3 : 5]    [ 0 : 100]

-----------------------Calibraciones-------------------------
70 : 23 : 3 :  :: 179 :: 10
73 : 22 : 3 :  :: 192 :: 12
73 : 23 : 4 :  :: 199 :: 11
73 : 22 : 5 :  :: 202 :: 9
72 : 22 : 2 :  :: 208 :: 7
73 : 23 : 7 :  :: 208 :: 8
resumen
convergencia-instancias.conv
------------------------------------------------------------------------
---------------------------- RESUMEN FINAL -----------------------------
------------------------------------------------------------------------
		TASA_CL 		73 		[70 .. 73]
		FACT_CL 		23 		[22 .. 23]
		TASA_RP 		3 		[3 .. 4]
------------------------------------------------------------------------
------------------------------------------------------------------------
fin resumen
------------------------------------------------------------------------
----------------- ITERACION : 13 -------------------------------------
------------------------------------------------------------------------
-----------------AGREGANDO NUEVAS CALiBRACIONES ------------------------
------------------------------------------------------------------------
(calibracion 0) 73 22 3 ./csp instancias/pb_200_09.txt 0.2 0.7 0.0
ClonationFactor: 0.2
ClonationRate: 14
ReplaceRate: 0
Aptitud: 198.00

------------------------------------------------------------------------
----------------------------CALCULANDO K -------------------------------
------------------------------------------------------------------------
Parametro  |    H0    |    K    |   Rango   | Rango Inicial | 
0     1.79176     0.450561    [ 70 : 73]    [ 0 : 100]
1     1.56071     0.693147    [ 22 : 23]    [ 0 : 100]
2     1.79176     1.24245    [ 3 : 4]    [ 0 : 100]

-----------------------Calibraciones-------------------------
70 : 23 : 3 :  :: 179 :: 10
73 : 22 : 3 :  :: 192 :: 12
73 : 22 : 3 :  :: 198 :: 13
73 : 23 : 4 :  :: 199 :: 11
73 : 22 : 5 :  :: 202 :: 9
73 : 23 : 7 :  :: 208 :: 8
resumen
convergencia-instancias.conv
------------------------------------------------------------------------
---------------------------- RESUMEN FINAL -----------------------------
------------------------------------------------------------------------
		TASA_CL 		73 		[70 .. 73]
		FACT_CL 		22 		[22 .. 23]
		TASA_RP 		3 		[3 .. 3]
------------------------------------------------------------------------
------------------------------------------------------------------------
fin resumen
------------------------------------------------------------------------
----------------- ITERACION : 14 -------------------------------------
------------------------------------------------------------------------
-----------------AGREGANDO NUEVAS CALiBRACIONES ------------------------
------------------------------------------------------------------------
(calibracion 0) 73 22 3 ./csp instancias/pb_200_09.txt 0.2 0.7 0.0
ClonationFactor: 0.2
ClonationRate: 14
ReplaceRate: 0
Aptitud: 194.00

------------------------------------------------------------------------
----------------------------CALCULANDO K -------------------------------
------------------------------------------------------------------------
Parametro  |    H0    |    K    |   Rango   | Rango Inicial | 
0     1.79176     0.450561    [ 70 : 73]    [ 0 : 100]
1     1.56071     0.636514    [ 22 : 23]    [ 0 : 100]
2     1.79176     0.867563    [ 3 : 3]    [ 0 : 100]

-----------------------Calibraciones-------------------------
70 : 23 : 3 :  :: 179 :: 10
73 : 22 : 3 :  :: 192 :: 12
73 : 22 : 3 :  :: 194 :: 14
73 : 22 : 3 :  :: 198 :: 13
73 : 23 : 4 :  :: 199 :: 11
73 : 22 : 5 :  :: 202 :: 9
resumen
convergencia-instancias.conv
------------------------------------------------------------------------
---------------------------- RESUMEN FINAL -----------------------------
------------------------------------------------------------------------
		TASA_CL 		73 		[70 .. 73]
		FACT_CL 		22 		[22 .. 23]
		TASA_RP 		3 		[3 .. 3]
------------------------------------------------------------------------
------------------------------------------------------------------------
fin resumen
------------------------------------------------------------------------
----------------- ITERACION : 15 -------------------------------------
------------------------------------------------------------------------
-----------------AGREGANDO NUEVAS CALiBRACIONES ------------------------
------------------------------------------------------------------------
(calibracion 0) 71 23 3 ./csp instancias/pb_200_09.txt 0.2 0.7 0.0
ClonationFactor: 0.2
ClonationRate: 14
ReplaceRate: 0
Aptitud: 198.00

------------------------------------------------------------------------
----------------------------CALCULANDO K -------------------------------
------------------------------------------------------------------------
Parametro  |    H0    |    K    |   Rango   | Rango Inicial | 
0     1.79176     0.867563    [ 70 : 73]    [ 0 : 100]
1     1.56071     0.693147    [ 22 : 23]    [ 0 : 100]
2     1.79176     0.450561    [ 3 : 3]    [ 0 : 100]

-----------------------Calibraciones-------------------------
70 : 23 : 3 :  :: 179 :: 10
73 : 22 : 3 :  :: 192 :: 12
73 : 22 : 3 :  :: 194 :: 14
73 : 22 : 3 :  :: 198 :: 13
71 : 23 : 3 :  :: 198 :: 15
73 : 23 : 4 :  :: 199 :: 11
resumen
convergencia-instancias.conv
------------------------------------------------------------------------
---------------------------- RESUMEN FINAL -----------------------------
------------------------------------------------------------------------
		TASA_CL 		73 		[70 .. 73]
		FACT_CL 		22 		[22 .. 23]
		TASA_RP 		3 		[3 .. 3]
------------------------------------------------------------------------
------------------------------------------------------------------------
fin resumen
------------------------------------------------------------------------
----------------- ITERACION : 16 -------------------------------------
------------------------------------------------------------------------
-----------------AGREGANDO NUEVAS CALiBRACIONES ------------------------
------------------------------------------------------------------------
(calibracion 0) 70 22 3 ./csp instancias/pb_200_09.txt 0.2 0.7 0.0
ClonationFactor: 0.2
ClonationRate: 14
ReplaceRate: 0
Aptitud: 184.00

------------------------------------------------------------------------
----------------------------CALCULANDO K -------------------------------
------------------------------------------------------------------------
Parametro  |    H0    |    K    |   Rango   | Rango Inicial | 
0     1.79176     1.0114    [ 70 : 73]    [ 0 : 100]
1     1.56071     0.636514    [ 22 : 23]    [ 0 : 100]
2     1.79176     0    [ 3 : 3]    [ 0 : 100]

-----------------------Calibraciones-------------------------
70 : 23 : 3 :  :: 179 :: 10
70 : 22 : 3 :  :: 184 :: 16
73 : 22 : 3 :  :: 192 :: 12
73 : 22 : 3 :  :: 194 :: 14
73 : 22 : 3 :  :: 198 :: 13
71 : 23 : 3 :  :: 198 :: 15
resumen
convergencia-instancias.conv
------------------------------------------------------------------------
---------------------------- RESUMEN FINAL -----------------------------
------------------------------------------------------------------------
		TASA_CL 		70 		[70 .. 73]
		FACT_CL 		22 		[22 .. 23]
		TASA_RP 		3 		[3 .. 3]
------------------------------------------------------------------------
------------------------------------------------------------------------
fin resumen
------------------------------------------------------------------------
----------------- ITERACION : 17 -------------------------------------
------------------------------------------------------------------------
-----------------AGREGANDO NUEVAS CALiBRACIONES ------------------------
------------------------------------------------------------------------
(calibracion 0) 71 22 3 ./csp instancias/pb_200_09.txt 0.2 0.7 0.0
ClonationFactor: 0.2
ClonationRate: 14
ReplaceRate: 0
Aptitud: 208.00

------------------------------------------------------------------------
----------------------------CALCULANDO K -------------------------------
------------------------------------------------------------------------
Parametro  |    H0    |    K    |   Rango   | Rango Inicial | 
0     1.79176     1.09861    [ 70 : 73]    [ 0 : 100]
1     1.56071     0.636514    [ 22 : 23]    [ 0 : 100]
2     1.79176     0    [ 3 : 3]    [ 0 : 100]

-----------------------Calibraciones-------------------------
70 : 23 : 3 :  :: 179 :: 10
70 : 22 : 3 :  :: 184 :: 16
73 : 22 : 3 :  :: 194 :: 14
73 : 22 : 3 :  :: 198 :: 13
71 : 23 : 3 :  :: 198 :: 15
71 : 22 : 3 :  :: 208 :: 17
resumen
convergencia-instancias.conv
------------------------------------------------------------------------
---------------------------- RESUMEN FINAL -----------------------------
------------------------------------------------------------------------
		TASA_CL 		70 		[70 .. 73]
		FACT_CL 		22 		[22 .. 23]
		TASA_RP 		3 		[3 .. 3]
------------------------------------------------------------------------
------------------------------------------------------------------------
fin resumen
------------------------------------------------------------------------
----------------- ITERACION : 18 -------------------------------------
------------------------------------------------------------------------
-----------------AGREGANDO NUEVAS CALiBRACIONES ------------------------
------------------------------------------------------------------------
(calibracion 0) 71 23 3 ./csp instancias/pb_200_09.txt 0.2 0.7 0.0
ClonationFactor: 0.2
ClonationRate: 14
ReplaceRate: 0
Aptitud: 197.00

------------------------------------------------------------------------
----------------------------CALCULANDO K -------------------------------
------------------------------------------------------------------------
Parametro  |    H0    |    K    |   Rango   | Rango Inicial | 
0     1.79176     1.0114    [ 70 : 73]    [ 0 : 100]
1     1.56071     0.693147    [ 22 : 23]    [ 0 : 100]
2     1.79176     0    [ 3 : 3]    [ 0 : 100]

-----------------------Calibraciones-------------------------
70 : 23 : 3 :  :: 179 :: 10
70 : 22 : 3 :  :: 184 :: 16
73 : 22 : 3 :  :: 194 :: 14
71 : 23 : 3 :  :: 197 :: 18
71 : 23 : 3 :  :: 198 :: 15
71 : 22 : 3 :  :: 208 :: 17
resumen
convergencia-instancias.conv
------------------------------------------------------------------------
---------------------------- RESUMEN FINAL -----------------------------
------------------------------------------------------------------------
		TASA_CL 		70 		[70 .. 73]
		FACT_CL 		22 		[22 .. 23]
		TASA_RP 		3 		[3 .. 3]
------------------------------------------------------------------------
------------------------------------------------------------------------
fin resumen
------------------------------------------------------------------------
----------------- ITERACION : 19 -------------------------------------
------------------------------------------------------------------------
-----------------AGREGANDO NUEVAS CALiBRACIONES ------------------------
------------------------------------------------------------------------
(calibracion 0) 71 22 3 ./csp instancias/pb_200_09.txt 0.2 0.7 0.0
ClonationFactor: 0.2
ClonationRate: 14
ReplaceRate: 0
Aptitud: 202.00

------------------------------------------------------------------------
----------------------------CALCULANDO K -------------------------------
------------------------------------------------------------------------
Parametro  |    H0    |    K    |   Rango   | Rango Inicial | 
0     1.79176     0.636514    [ 70 : 71]    [ 0 : 100]
1     1.56071     0.693147    [ 22 : 23]    [ 0 : 100]
2     1.79176     0    [ 3 : 3]    [ 0 : 100]

-----------------------Calibraciones-------------------------
70 : 23 : 3 :  :: 179 :: 10
70 : 22 : 3 :  :: 184 :: 16
71 : 23 : 3 :  :: 197 :: 18
71 : 23 : 3 :  :: 198 :: 15
71 : 22 : 3 :  :: 202 :: 19
71 : 22 : 3 :  :: 208 :: 17
resumen
convergencia-instancias.conv
------------------------------------------------------------------------
---------------------------- RESUMEN FINAL -----------------------------
------------------------------------------------------------------------
		TASA_CL 		70 		[70 .. 71]
		FACT_CL 		23 		[22 .. 23]
		TASA_RP 		3 		[3 .. 3]
------------------------------------------------------------------------
------------------------------------------------------------------------
fin resumen
------------------------------------------------------------------------
----------------- ITERACION : 20 -------------------------------------
------------------------------------------------------------------------
-----------------AGREGANDO NUEVAS CALiBRACIONES ------------------------
------------------------------------------------------------------------
(calibracion 0) 71 22 3 ./csp instancias/pb_200_09.txt 0.2 0.7 0.0
ClonationFactor: 0.2
ClonationRate: 14
ReplaceRate: 0
Aptitud: 187.00

------------------------------------------------------------------------
----------------------------CALCULANDO K -------------------------------
------------------------------------------------------------------------
Parametro  |    H0    |    K    |   Rango   | Rango Inicial | 
0     1.79176     0.636514    [ 70 : 71]    [ 0 : 100]
1     1.56071     0.636514    [ 22 : 23]    [ 0 : 100]
2     1.79176     0    [ 3 : 3]    [ 0 : 100]

-----------------------Calibraciones-------------------------
70 : 23 : 3 :  :: 179 :: 10
70 : 22 : 3 :  :: 184 :: 16
71 : 22 : 3 :  :: 187 :: 20
71 : 23 : 3 :  :: 197 :: 18
71 : 22 : 3 :  :: 202 :: 19
71 : 22 : 3 :  :: 208 :: 17
resumen
convergencia-instancias.conv
------------------------------------------------------------------------
---------------------------- RESUMEN FINAL -----------------------------
------------------------------------------------------------------------
		TASA_CL 		70 		[70 .. 71]
		FACT_CL 		22 		[22 .. 23]
		TASA_RP 		3 		[3 .. 3]
------------------------------------------------------------------------
------------------------------------------------------------------------
fin resumen
------------------------------------------------------------------------
----------------- ITERACION : 21 -------------------------------------
------------------------------------------------------------------------
-----------------AGREGANDO NUEVAS CALiBRACIONES ------------------------
------------------------------------------------------------------------
(calibracion 0) 70 22 3 ./csp instancias/pb_200_09.txt 0.2 0.7 0.0
ClonationFactor: 0.2
ClonationRate: 14
ReplaceRate: 0
Aptitud: 197.00

------------------------------------------------------------------------
----------------------------CALCULANDO K -------------------------------
------------------------------------------------------------------------
Parametro  |    H0    |    K    |   Rango   | Rango Inicial | 
0     1.79176     0.636514    [ 70 : 71]    [ 0 : 100]
1     1.56071     0.636514    [ 22 : 23]    [ 0 : 100]
2     1.79176     0    [ 3 : 3]    [ 0 : 100]

-----------------------Calibraciones-------------------------
70 : 23 : 3 :  :: 179 :: 10
71 : 22 : 3 :  :: 187 :: 20
71 : 23 : 3 :  :: 197 :: 18
70 : 22 : 3 :  :: 197 :: 21
71 : 22 : 3 :  :: 202 :: 19
71 : 22 : 3 :  :: 208 :: 17
resumen
convergencia-instancias.conv
------------------------------------------------------------------------
---------------------------- RESUMEN FINAL -----------------------------
------------------------------------------------------------------------
		TASA_CL 		71 		[70 .. 71]
		FACT_CL 		23 		[22 .. 23]
		TASA_RP 		3 		[3 .. 3]
------------------------------------------------------------------------
------------------------------------------------------------------------
fin resumen
------------------------------------------------------------------------
----------------- ITERACION : 22 -------------------------------------
------------------------------------------------------------------------
-----------------AGREGANDO NUEVAS CALiBRACIONES ------------------------
------------------------------------------------------------------------
(calibracion 0) 70 23 3 ./csp instancias/pb_200_09.txt 0.2 0.7 0.0
ClonationFactor: 0.2
ClonationRate: 14
ReplaceRate: 0
Aptitud: 196.00

------------------------------------------------------------------------
----------------------------CALCULANDO K -------------------------------
------------------------------------------------------------------------
Parametro  |    H0    |    K    |   Rango   | Rango Inicial | 
0     1.79176     0.693147    [ 70 : 71]    [ 0 : 100]
1     1.56071     0.693147    [ 22 : 23]    [ 0 : 100]
2     1.79176     0    [ 3 : 3]    [ 0 : 100]

-----------------------Calibraciones-------------------------
70 : 23 : 3 :  :: 179 :: 10
71 : 22 : 3 :  :: 187 :: 20
70 : 23 : 3 :  :: 196 :: 22
71 : 23 : 3 :  :: 197 :: 18
70 : 22 : 3 :  :: 197 :: 21
71 : 22 : 3 :  :: 202 :: 19
resumen
convergencia-instancias.conv
------------------------------------------------------------------------
---------------------------- RESUMEN FINAL -----------------------------
------------------------------------------------------------------------
		TASA_CL 		70 		[70 .. 71]
		FACT_CL 		23 		[22 .. 23]
		TASA_RP 		3 		[3 .. 3]
------------------------------------------------------------------------
------------------------------------------------------------------------
fin resumen
------------------------------------------------------------------------
----------------- ITERACION : 23 -------------------------------------
------------------------------------------------------------------------
-----------------AGREGANDO NUEVAS CALiBRACIONES ------------------------
------------------------------------------------------------------------
(calibracion 0) 70 22 3 ./csp instancias/pb_200_09.txt 0.2 0.7 0.0
ClonationFactor: 0.2
ClonationRate: 14
ReplaceRate: 0
Aptitud: 186.00

------------------------------------------------------------------------
----------------------------CALCULANDO K -------------------------------
------------------------------------------------------------------------
Parametro  |    H0    |    K    |   Rango   | Rango Inicial | 
0     1.79176     0.636514    [ 70 : 71]    [ 0 : 100]
1     1.56071     0.636514    [ 22 : 23]    [ 0 : 100]
2     1.79176     0    [ 3 : 3]    [ 0 : 100]

-----------------------Calibraciones-------------------------
70 : 23 : 3 :  :: 179 :: 10
70 : 22 : 3 :  :: 186 :: 23
71 : 22 : 3 :  :: 187 :: 20
70 : 23 : 3 :  :: 196 :: 22
70 : 22 : 3 :  :: 197 :: 21
71 : 22 : 3 :  :: 202 :: 19
resumen
convergencia-instancias.conv
------------------------------------------------------------------------
---------------------------- RESUMEN FINAL -----------------------------
------------------------------------------------------------------------
		TASA_CL 		70 		[70 .. 71]
		FACT_CL 		22 		[22 .. 23]
		TASA_RP 		3 		[3 .. 3]
------------------------------------------------------------------------
------------------------------------------------------------------------
fin resumen
------------------------------------------------------------------------
----------------- ITERACION : 24 -------------------------------------
------------------------------------------------------------------------
-----------------AGREGANDO NUEVAS CALiBRACIONES ------------------------
------------------------------------------------------------------------
(calibracion 0) 70 22 3 ./csp instancias/pb_200_09.txt 0.2 0.7 0.0
ClonationFactor: 0.2
ClonationRate: 14
ReplaceRate: 0
Aptitud: 198.00

------------------------------------------------------------------------
----------------------------CALCULANDO K -------------------------------
------------------------------------------------------------------------
Parametro  |    H0    |    K    |   Rango   | Rango Inicial | 
0     1.79176     0.450561    [ 70 : 71]    [ 0 : 100]
1     1.56071     0.636514    [ 22 : 23]    [ 0 : 100]
2     1.79176     0    [ 3 : 3]    [ 0 : 100]

-----------------------Calibraciones-------------------------
70 : 23 : 3 :  :: 179 :: 10
70 : 22 : 3 :  :: 186 :: 23
71 : 22 : 3 :  :: 187 :: 20
70 : 23 : 3 :  :: 196 :: 22
70 : 22 : 3 :  :: 197 :: 21
70 : 22 : 3 :  :: 198 :: 24
resumen
convergencia-instancias.conv
------------------------------------------------------------------------
---------------------------- RESUMEN FINAL -----------------------------
------------------------------------------------------------------------
		TASA_CL 		70 		[70 .. 71]
		FACT_CL 		22 		[22 .. 23]
		TASA_RP 		3 		[3 .. 3]
------------------------------------------------------------------------
------------------------------------------------------------------------
fin resumen
------------------------------------------------------------------------
----------------- ITERACION : 25 -------------------------------------
------------------------------------------------------------------------
-----------------AGREGANDO NUEVAS CALiBRACIONES ------------------------
------------------------------------------------------------------------
(calibracion 0) 70 23 3 ./csp instancias/pb_200_09.txt 0.2 0.7 0.0
ClonationFactor: 0.2
ClonationRate: 14
ReplaceRate: 0
Aptitud: 190.00

------------------------------------------------------------------------
----------------------------CALCULANDO K -------------------------------
------------------------------------------------------------------------
Parametro  |    H0    |    K    |   Rango   | Rango Inicial | 
0     1.79176     0    [ 70 : 70]    [ 0 : 100]
1     1.56071     0.693147    [ 22 : 23]    [ 0 : 100]
2     1.79176     0    [ 3 : 3]    [ 0 : 100]

-----------------------Calibraciones-------------------------
70 : 23 : 3 :  :: 179 :: 10
70 : 22 : 3 :  :: 186 :: 23
70 : 23 : 3 :  :: 190 :: 25
70 : 23 : 3 :  :: 196 :: 22
70 : 22 : 3 :  :: 197 :: 21
70 : 22 : 3 :  :: 198 :: 24
resumen
convergencia-instancias.conv
------------------------------------------------------------------------
---------------------------- RESUMEN FINAL -----------------------------
------------------------------------------------------------------------
		TASA_CL 		70 		[70 .. 70]
		FACT_CL 		23 		[22 .. 23]
		TASA_RP 		3 		[3 .. 3]
------------------------------------------------------------------------
------------------------------------------------------------------------
fin resumen
------------------------------------------------------------------------
----------------- ITERACION : 26 -------------------------------------
------------------------------------------------------------------------
-----------------AGREGANDO NUEVAS CALiBRACIONES ------------------------
------------------------------------------------------------------------
(calibracion 0) 70 23 3 ./csp instancias/pb_200_09.txt 0.2 0.7 0.0
ClonationFactor: 0.2
ClonationRate: 14
ReplaceRate: 0
Aptitud: 198.00

------------------------------------------------------------------------
----------------------------CALCULANDO K -------------------------------
------------------------------------------------------------------------
Parametro  |    H0    |    K    |   Rango   | Rango Inicial | 
0     1.79176     0    [ 70 : 70]    [ 0 : 100]
1     1.56071     0.636514    [ 22 : 23]    [ 0 : 100]
2     1.79176     0    [ 3 : 3]    [ 0 : 100]

-----------------------Calibraciones-------------------------
70 : 23 : 3 :  :: 179 :: 10
70 : 22 : 3 :  :: 186 :: 23
70 : 23 : 3 :  :: 190 :: 25
70 : 23 : 3 :  :: 196 :: 22
70 : 22 : 3 :  :: 198 :: 24
70 : 23 : 3 :  :: 198 :: 26
resumen
convergencia-instancias.conv
------------------------------------------------------------------------
---------------------------- RESUMEN FINAL -----------------------------
------------------------------------------------------------------------
		TASA_CL 		70 		[70 .. 70]
		FACT_CL 		23 		[22 .. 23]
		TASA_RP 		3 		[3 .. 3]
------------------------------------------------------------------------
------------------------------------------------------------------------
fin resumen
------------------------------------------------------------------------
----------------- ITERACION : 27 -------------------------------------
------------------------------------------------------------------------
-----------------AGREGANDO NUEVAS CALiBRACIONES ------------------------
------------------------------------------------------------------------
(calibracion 0) 70 23 3 ./csp instancias/pb_200_09.txt 0.2 0.7 0.0
ClonationFactor: 0.2
ClonationRate: 14
ReplaceRate: 0
Aptitud: 194.00

------------------------------------------------------------------------
----------------------------CALCULANDO K -------------------------------
------------------------------------------------------------------------
Parametro  |    H0    |    K    |   Rango   | Rango Inicial | 
0     1.79176     0    [ 70 : 70]    [ 0 : 100]
1     1.56071     0.636514    [ 22 : 23]    [ 0 : 100]
2     1.79176     0    [ 3 : 3]    [ 0 : 100]

-----------------------Calibraciones-------------------------
70 : 23 : 3 :  :: 179 :: 10
70 : 22 : 3 :  :: 186 :: 23
70 : 23 : 3 :  :: 190 :: 25
70 : 23 : 3 :  :: 194 :: 27
70 : 22 : 3 :  :: 198 :: 24
70 : 23 : 3 :  :: 198 :: 26
resumen
convergencia-instancias.conv
------------------------------------------------------------------------
---------------------------- RESUMEN FINAL -----------------------------
------------------------------------------------------------------------
		TASA_CL 		70 		[70 .. 70]
		FACT_CL 		23 		[22 .. 23]
		TASA_RP 		3 		[3 .. 3]
------------------------------------------------------------------------
------------------------------------------------------------------------
fin resumen
------------------------------------------------------------------------
----------------- ITERACION : 28 -------------------------------------
------------------------------------------------------------------------
-----------------AGREGANDO NUEVAS CALiBRACIONES ------------------------
------------------------------------------------------------------------
(calibracion 0) 70 23 3 ./csp instancias/pb_200_09.txt 0.2 0.7 0.0
ClonationFactor: 0.2
ClonationRate: 14
ReplaceRate: 0
Aptitud: 193.00

------------------------------------------------------------------------
----------------------------CALCULANDO K -------------------------------
------------------------------------------------------------------------
Parametro  |    H0    |    K    |   Rango   | Rango Inicial | 
0     1.79176     0    [ 70 : 70]    [ 0 : 100]
1     1.56071     0.450561    [ 23 : 23]    [ 0 : 100]
2     1.79176     0    [ 3 : 3]    [ 0 : 100]

ENTROOOOOOOOOOOOOOOOOOOOOOOOOOOOOOO
-----------------------Calibraciones-------------------------
70 : 23 : 3 :  :: 179 :: 10
70 : 23 : 3 :  :: 190 :: 25
70 : 23 : 3 :  :: 193 :: 28
70 : 23 : 3 :  :: 194 :: 27
70 : 22 : 3 :  :: 198 :: 24
70 : 23 : 3 :  :: 198 :: 26
resumen
convergencia-instancias.conv
------------------------------------------------------------------------
---------------------------- RESUMEN FINAL -----------------------------
------------------------------------------------------------------------
		TASA_CL 		70 		[70 .. 70]
		FACT_CL 		23 		[23 .. 23]
		TASA_RP 		3 		[3 .. 3]
------------------------------------------------------------------------
------------------------------------------------------------------------
fin resumen
-----------------------Calibraciones-------------------------
70 : 23 : 3 :  :: 179 :: 10
70 : 23 : 3 :  :: 190 :: 25
70 : 23 : 3 :  :: 193 :: 28
70 : 23 : 3 :  :: 194 :: 27
70 : 22 : 3 :  :: 198 :: 24
70 : 23 : 3 :  :: 198 :: 26
convergencia-instancias.conv
------------------------------------------------------------------------
---------------------------- RESUMEN FINAL -----------------------------
------------------------------------------------------------------------
		TASA_CL 		70 		[70 .. 70]
		FACT_CL 		23 		[23 .. 23]
		TASA_RP 		3 		[3 .. 3]
------------------------------------------------------------------------
------------------------------------------------------------------------
