------------------------------------------------------------------------
---------------------------- INICIALIZACION ----------------------------
------------------------------------------------------------------------
3
nombre leido: TASA_CL
lim_min: 0
lim_max: 100
decimales: 100
nombre leido: FACT_CL
lim_min: 0
lim_max: 100
decimales: 100
nombre leido: TASA_RP
lim_min: 0
lim_max: 100
decimales: 100
------------------------------------------------------------------------
-------------------- CREACION CONJUNTO INICIAL -------------------------
------------------------------------------------------------------------
(calibracion 0) 4 45 84 
4 45 84 ./csp instancias/pb_200_01.txt 0.5 0.0 0.8
ClonationFactor: 0.5
ClonationRate: 0
ReplaceRate: 16
Aptitud: 246.00

(calibracion 1) 57 0 18 
57 0 18 ./csp instancias/pb_200_01.txt 0.0 0.6 0.2
ClonationFactor: 0
ClonationRate: 12
ReplaceRate: 4
Aptitud: 237.00

(calibracion 2) 75 36 35 
75 36 35 ./csp instancias/pb_200_01.txt 0.4 0.8 0.3
ClonationFactor: 0.4
ClonationRate: 16
ReplaceRate: 6
Aptitud: 219.00

(calibracion 3) 13 6 96 
13 6 96 ./csp instancias/pb_200_01.txt 0.1 0.1 1.0
ClonationFactor: 0.1
ClonationRate: 2
ReplaceRate: 20
Aptitud: 252.00

(calibracion 4) 59 21 81 
59 21 81 ./csp instancias/pb_200_01.txt 0.2 0.6 0.8
ClonationFactor: 0.2
ClonationRate: 12
ReplaceRate: 16
Aptitud: 232.00

(calibracion 5) 62 21 0 
62 21 0 ./csp instancias/pb_200_01.txt 0.2 0.6 0.0
ClonationFactor: 0.2
ClonationRate: 12
ReplaceRate: 0
Aptitud: 220.00

------------------------------------------------------------------------
------------------------ CALCULANDO H0 ---------------------------------
------------------------------------------------------------------------
1.79176 1.56071 1.79176 
------------------------------------------------------------------------
----------------- ITERACION : 0 -------------------------------------
------------------------------------------------------------------------
-----------------AGREGANDO NUEVAS CALiBRACIONES ------------------------
------------------------------------------------------------------------
(calibracion 0) 64 30 73 ./csp instancias/pb_200_01.txt 0.3 0.6 0.7
ClonationFactor: 0.3
ClonationRate: 12
ReplaceRate: 14
Aptitud: 215.00

------------------------------------------------------------------------
----------------------------CALCULANDO K -------------------------------
------------------------------------------------------------------------
Parametro  |    H0    |    K    |   Rango   | Rango Inicial | 
0     1.79176     1.79176    [ 59 : 75]    [ 0 : 100]
1     1.56071     1.56071    [ 21 : 36]    [ 0 : 100]
2     1.79176     1.79176    [ 0 : 81]    [ 0 : 100]

-----------------------Calibraciones-------------------------
64 : 30 : 73 :  :: 215 :: 0
75 : 36 : 35 :  :: 219 :: 0
62 : 21 : 0 :  :: 220 :: 0
59 : 21 : 81 :  :: 232 :: 0
57 : 0 : 18 :  :: 237 :: 0
4 : 45 : 84 :  :: 246 :: 0
resumen
convergencia-instancias.conv
------------------------------------------------------------------------
---------------------------- RESUMEN FINAL -----------------------------
------------------------------------------------------------------------
		TASA_CL 		64 		[62 .. 75]
		FACT_CL 		30 		[21 .. 36]
		TASA_RP 		35 		[0 .. 73]
------------------------------------------------------------------------
------------------------------------------------------------------------
fin resumen
------------------------------------------------------------------------
----------------- ITERACION : 1 -------------------------------------
------------------------------------------------------------------------
-----------------AGREGANDO NUEVAS CALiBRACIONES ------------------------
------------------------------------------------------------------------
(calibracion 0) 75 22 8 ./csp instancias/pb_200_01.txt 0.2 0.8 0.1
ClonationFactor: 0.2
ClonationRate: 16
ReplaceRate: 2
Aptitud: 214.00

------------------------------------------------------------------------
----------------------------CALCULANDO K -------------------------------
------------------------------------------------------------------------
Parametro  |    H0    |    K    |   Rango   | Rango Inicial | 
0     1.79176     1.56071    [ 62 : 75]    [ 0 : 100]
1     1.56071     1.56071    [ 21 : 36]    [ 0 : 100]
2     1.79176     1.79176    [ 0 : 73]    [ 0 : 100]

-----------------------Calibraciones-------------------------
75 : 22 : 8 :  :: 214 :: 1
64 : 30 : 73 :  :: 215 :: 0
75 : 36 : 35 :  :: 219 :: 0
62 : 21 : 0 :  :: 220 :: 0
59 : 21 : 81 :  :: 232 :: 0
57 : 0 : 18 :  :: 237 :: 0
resumen
convergencia-instancias.conv
------------------------------------------------------------------------
---------------------------- RESUMEN FINAL -----------------------------
------------------------------------------------------------------------
		TASA_CL 		75 		[64 .. 75]
		FACT_CL 		30 		[22 .. 36]
		TASA_RP 		35 		[8 .. 73]
------------------------------------------------------------------------
------------------------------------------------------------------------
fin resumen
------------------------------------------------------------------------
----------------- ITERACION : 2 -------------------------------------
------------------------------------------------------------------------
-----------------AGREGANDO NUEVAS CALiBRACIONES ------------------------
------------------------------------------------------------------------
(calibracion 0) 71 29 36 ./csp instancias/pb_200_01.txt 0.3 0.7 0.4
ClonationFactor: 0.3
ClonationRate: 14
ReplaceRate: 8
Aptitud: 237.00

------------------------------------------------------------------------
----------------------------CALCULANDO K -------------------------------
------------------------------------------------------------------------
Parametro  |    H0    |    K    |   Rango   | Rango Inicial | 
0     1.79176     1.56071    [ 64 : 75]    [ 0 : 100]
1     1.56071     1.56071    [ 22 : 36]    [ 0 : 100]
2     1.79176     1.79176    [ 8 : 73]    [ 0 : 100]

-----------------------Calibraciones-------------------------
75 : 22 : 8 :  :: 214 :: 1
64 : 30 : 73 :  :: 215 :: 0
75 : 36 : 35 :  :: 219 :: 0
62 : 21 : 0 :  :: 220 :: 0
59 : 21 : 81 :  :: 232 :: 0
71 : 29 : 36 :  :: 237 :: 2
resumen
convergencia-instancias.conv
------------------------------------------------------------------------
---------------------------- RESUMEN FINAL -----------------------------
------------------------------------------------------------------------
		TASA_CL 		75 		[64 .. 75]
		FACT_CL 		30 		[22 .. 36]
		TASA_RP 		35 		[8 .. 73]
------------------------------------------------------------------------
------------------------------------------------------------------------
fin resumen
------------------------------------------------------------------------
----------------- ITERACION : 3 -------------------------------------
------------------------------------------------------------------------
-----------------AGREGANDO NUEVAS CALiBRACIONES ------------------------
------------------------------------------------------------------------
(calibracion 0) 73 26 52 ./csp instancias/pb_200_01.txt 0.3 0.7 0.5
ClonationFactor: 0.3
ClonationRate: 14
ReplaceRate: 10
Aptitud: 233.00

------------------------------------------------------------------------
----------------------------CALCULANDO K -------------------------------
------------------------------------------------------------------------
Parametro  |    H0    |    K    |   Rango   | Rango Inicial | 
0     1.79176     1.56071    [ 64 : 75]    [ 0 : 100]
1     1.56071     1.79176    [ 22 : 36]    [ 0 : 100]
2     1.79176     1.79176    [ 8 : 73]    [ 0 : 100]

-----------------------Calibraciones-------------------------
75 : 22 : 8 :  :: 214 :: 1
64 : 30 : 73 :  :: 215 :: 0
75 : 36 : 35 :  :: 219 :: 0
62 : 21 : 0 :  :: 220 :: 0
73 : 26 : 52 :  :: 233 :: 3
71 : 29 : 36 :  :: 237 :: 2
resumen
convergencia-instancias.conv
------------------------------------------------------------------------
---------------------------- RESUMEN FINAL -----------------------------
------------------------------------------------------------------------
		TASA_CL 		75 		[64 .. 75]
		FACT_CL 		30 		[22 .. 36]
		TASA_RP 		35 		[8 .. 73]
------------------------------------------------------------------------
------------------------------------------------------------------------
fin resumen
------------------------------------------------------------------------
----------------- ITERACION : 4 -------------------------------------
------------------------------------------------------------------------
-----------------AGREGANDO NUEVAS CALiBRACIONES ------------------------
------------------------------------------------------------------------
(calibracion 0) 72 30 25 ./csp instancias/pb_200_01.txt 0.3 0.7 0.2
ClonationFactor: 0.3
ClonationRate: 14
ReplaceRate: 4
Aptitud: 214.00

------------------------------------------------------------------------
----------------------------CALCULANDO K -------------------------------
------------------------------------------------------------------------
Parametro  |    H0    |    K    |   Rango   | Rango Inicial | 
0     1.79176     1.56071    [ 64 : 75]    [ 0 : 100]
1     1.56071     1.56071    [ 22 : 36]    [ 0 : 100]
2     1.79176     1.79176    [ 8 : 73]    [ 0 : 100]

-----------------------Calibraciones-------------------------
75 : 22 : 8 :  :: 214 :: 1
72 : 30 : 25 :  :: 214 :: 4
64 : 30 : 73 :  :: 215 :: 0
75 : 36 : 35 :  :: 219 :: 0
73 : 26 : 52 :  :: 233 :: 3
71 : 29 : 36 :  :: 237 :: 2
resumen
convergencia-instancias.conv
------------------------------------------------------------------------
---------------------------- RESUMEN FINAL -----------------------------
------------------------------------------------------------------------
		TASA_CL 		72 		[64 .. 75]
		FACT_CL 		30 		[22 .. 30]
		TASA_RP 		25 		[8 .. 73]
------------------------------------------------------------------------
------------------------------------------------------------------------
fin resumen
------------------------------------------------------------------------
----------------- ITERACION : 5 -------------------------------------
------------------------------------------------------------------------
-----------------AGREGANDO NUEVAS CALiBRACIONES ------------------------
------------------------------------------------------------------------
(calibracion 0) 70 27 21 ./csp instancias/pb_200_01.txt 0.3 0.7 0.2
ClonationFactor: 0.3
ClonationRate: 14
ReplaceRate: 4
Aptitud: 199.00

------------------------------------------------------------------------
----------------------------CALCULANDO K -------------------------------
------------------------------------------------------------------------
Parametro  |    H0    |    K    |   Rango   | Rango Inicial | 
0     1.79176     1.79176    [ 64 : 75]    [ 0 : 100]
1     1.56071     1.56071    [ 22 : 30]    [ 0 : 100]
2     1.79176     1.79176    [ 8 : 73]    [ 0 : 100]

-----------------------Calibraciones-------------------------
70 : 27 : 21 :  :: 199 :: 5
75 : 22 : 8 :  :: 214 :: 1
72 : 30 : 25 :  :: 214 :: 4
64 : 30 : 73 :  :: 215 :: 0
73 : 26 : 52 :  :: 233 :: 3
71 : 29 : 36 :  :: 237 :: 2
resumen
convergencia-instancias.conv
------------------------------------------------------------------------
---------------------------- RESUMEN FINAL -----------------------------
------------------------------------------------------------------------
		TASA_CL 		72 		[70 .. 75]
		FACT_CL 		27 		[22 .. 30]
		TASA_RP 		21 		[8 .. 25]
------------------------------------------------------------------------
------------------------------------------------------------------------
fin resumen
------------------------------------------------------------------------
----------------- ITERACION : 6 -------------------------------------
------------------------------------------------------------------------
-----------------AGREGANDO NUEVAS CALiBRACIONES ------------------------
------------------------------------------------------------------------
(calibracion 0) 74 28 14 ./csp instancias/pb_200_01.txt 0.3 0.7 0.1
ClonationFactor: 0.3
ClonationRate: 14
ReplaceRate: 2
Aptitud: 230.00

------------------------------------------------------------------------
----------------------------CALCULANDO K -------------------------------
------------------------------------------------------------------------
Parametro  |    H0    |    K    |   Rango   | Rango Inicial | 
0     1.79176     1.79176    [ 70 : 75]    [ 0 : 100]
1     1.56071     1.79176    [ 22 : 30]    [ 0 : 100]
2     1.79176     1.79176    [ 8 : 25]    [ 0 : 100]

-----------------------Calibraciones-------------------------
70 : 27 : 21 :  :: 199 :: 5
75 : 22 : 8 :  :: 214 :: 1
72 : 30 : 25 :  :: 214 :: 4
74 : 28 : 14 :  :: 230 :: 6
73 : 26 : 52 :  :: 233 :: 3
71 : 29 : 36 :  :: 237 :: 2
resumen
convergencia-instancias.conv
------------------------------------------------------------------------
---------------------------- RESUMEN FINAL -----------------------------
------------------------------------------------------------------------
		TASA_CL 		72 		[70 .. 75]
		FACT_CL 		27 		[22 .. 30]
		TASA_RP 		21 		[8 .. 25]
------------------------------------------------------------------------
------------------------------------------------------------------------
fin resumen
------------------------------------------------------------------------
----------------- ITERACION : 7 -------------------------------------
------------------------------------------------------------------------
-----------------AGREGANDO NUEVAS CALiBRACIONES ------------------------
------------------------------------------------------------------------
(calibracion 0) 73 27 14 ./csp instancias/pb_200_01.txt 0.3 0.7 0.1
ClonationFactor: 0.3
ClonationRate: 14
ReplaceRate: 2
Aptitud: 219.00

------------------------------------------------------------------------
----------------------------CALCULANDO K -------------------------------
------------------------------------------------------------------------
Parametro  |    H0    |    K    |   Rango   | Rango Inicial | 
0     1.79176     1.56071    [ 70 : 74]    [ 0 : 100]
1     1.56071     1.56071    [ 27 : 30]    [ 0 : 100]
2     1.79176     1.56071    [ 14 : 25]    [ 0 : 100]

-----------------------Calibraciones-------------------------
70 : 27 : 21 :  :: 199 :: 5
72 : 30 : 25 :  :: 214 :: 4
73 : 27 : 14 :  :: 219 :: 7
74 : 28 : 14 :  :: 230 :: 6
73 : 26 : 52 :  :: 233 :: 3
71 : 29 : 36 :  :: 237 :: 2
resumen
convergencia-instancias.conv
------------------------------------------------------------------------
---------------------------- RESUMEN FINAL -----------------------------
------------------------------------------------------------------------
		TASA_CL 		72 		[70 .. 73]
		FACT_CL 		27 		[27 .. 30]
		TASA_RP 		21 		[14 .. 25]
------------------------------------------------------------------------
------------------------------------------------------------------------
fin resumen
------------------------------------------------------------------------
----------------- ITERACION : 8 -------------------------------------
------------------------------------------------------------------------
-----------------AGREGANDO NUEVAS CALiBRACIONES ------------------------
------------------------------------------------------------------------
(calibracion 0) 73 30 21 ./csp instancias/pb_200_01.txt 0.3 0.7 0.2
ClonationFactor: 0.3
ClonationRate: 14
ReplaceRate: 4
Aptitud: 208.00

------------------------------------------------------------------------
----------------------------CALCULANDO K -------------------------------
------------------------------------------------------------------------
Parametro  |    H0    |    K    |   Rango   | Rango Inicial | 
0     1.79176     1.24245    [ 70 : 73]    [ 0 : 100]
1     1.56071     1.32966    [ 27 : 30]    [ 0 : 100]
2     1.79176     1.32966    [ 14 : 25]    [ 0 : 100]

-----------------------Calibraciones-------------------------
70 : 27 : 21 :  :: 199 :: 5
73 : 30 : 21 :  :: 208 :: 8
72 : 30 : 25 :  :: 214 :: 4
73 : 27 : 14 :  :: 219 :: 7
74 : 28 : 14 :  :: 230 :: 6
73 : 26 : 52 :  :: 233 :: 3
resumen
convergencia-instancias.conv
------------------------------------------------------------------------
---------------------------- RESUMEN FINAL -----------------------------
------------------------------------------------------------------------
		TASA_CL 		72 		[70 .. 73]
		FACT_CL 		30 		[27 .. 30]
		TASA_RP 		21 		[21 .. 25]
------------------------------------------------------------------------
------------------------------------------------------------------------
fin resumen
------------------------------------------------------------------------
----------------- ITERACION : 9 -------------------------------------
------------------------------------------------------------------------
-----------------AGREGANDO NUEVAS CALiBRACIONES ------------------------
------------------------------------------------------------------------
(calibracion 0) 73 27 25 ./csp instancias/pb_200_01.txt 0.3 0.7 0.2
ClonationFactor: 0.3
ClonationRate: 14
ReplaceRate: 4
Aptitud: 227.00

------------------------------------------------------------------------
----------------------------CALCULANDO K -------------------------------
------------------------------------------------------------------------
Parametro  |    H0    |    K    |   Rango   | Rango Inicial | 
0     1.79176     1.24245    [ 70 : 73]    [ 0 : 100]
1     1.56071     1.0114    [ 27 : 30]    [ 0 : 100]
2     1.79176     1.09861    [ 21 : 25]    [ 0 : 100]

-----------------------Calibraciones-------------------------
70 : 27 : 21 :  :: 199 :: 5
73 : 30 : 21 :  :: 208 :: 8
72 : 30 : 25 :  :: 214 :: 4
73 : 27 : 14 :  :: 219 :: 7
73 : 27 : 25 :  :: 227 :: 9
74 : 28 : 14 :  :: 230 :: 6
resumen
convergencia-instancias.conv
------------------------------------------------------------------------
---------------------------- RESUMEN FINAL -----------------------------
------------------------------------------------------------------------
		TASA_CL 		72 		[70 .. 73]
		FACT_CL 		30 		[27 .. 30]
		TASA_RP 		21 		[21 .. 25]
------------------------------------------------------------------------
------------------------------------------------------------------------
fin resumen
------------------------------------------------------------------------
----------------- ITERACION : 10 -------------------------------------
------------------------------------------------------------------------
-----------------AGREGANDO NUEVAS CALiBRACIONES ------------------------
------------------------------------------------------------------------
(calibracion 0) 71 29 17 ./csp instancias/pb_200_01.txt 0.3 0.7 0.2
ClonationFactor: 0.3
ClonationRate: 14
ReplaceRate: 4
Aptitud: 221.00

------------------------------------------------------------------------
----------------------------CALCULANDO K -------------------------------
------------------------------------------------------------------------
Parametro  |    H0    |    K    |   Rango   | Rango Inicial | 
0     1.79176     1.24245    [ 70 : 73]    [ 0 : 100]
1     1.56071     1.24245    [ 27 : 30]    [ 0 : 100]
2     1.79176     1.32966    [ 14 : 21]    [ 0 : 100]

-----------------------Calibraciones-------------------------
70 : 27 : 21 :  :: 199 :: 5
73 : 30 : 21 :  :: 208 :: 8
73 : 27 : 14 :  :: 219 :: 7
71 : 29 : 17 :  :: 221 :: 10
73 : 27 : 25 :  :: 227 :: 9
74 : 28 : 14 :  :: 230 :: 6
resumen
convergencia-instancias.conv
------------------------------------------------------------------------
---------------------------- RESUMEN FINAL -----------------------------
------------------------------------------------------------------------
		TASA_CL 		73 		[70 .. 73]
		FACT_CL 		27 		[27 .. 30]
		TASA_RP 		21 		[14 .. 21]
------------------------------------------------------------------------
------------------------------------------------------------------------
fin resumen
------------------------------------------------------------------------
----------------- ITERACION : 11 -------------------------------------
------------------------------------------------------------------------
-----------------AGREGANDO NUEVAS CALiBRACIONES ------------------------
------------------------------------------------------------------------
(calibracion 0) 73 29 16 ./csp instancias/pb_200_01.txt 0.3 0.7 0.2
ClonationFactor: 0.3
ClonationRate: 14
ReplaceRate: 4
Aptitud: 222.00

------------------------------------------------------------------------
----------------------------CALCULANDO K -------------------------------
------------------------------------------------------------------------
Parametro  |    H0    |    K    |   Rango   | Rango Inicial | 
0     1.79176     0.867563    [ 70 : 73]    [ 0 : 100]
1     1.56071     1.0114    [ 27 : 30]    [ 0 : 100]
2     1.79176     1.56071    [ 14 : 21]    [ 0 : 100]

-----------------------Calibraciones-------------------------
70 : 27 : 21 :  :: 199 :: 5
73 : 30 : 21 :  :: 208 :: 8
73 : 27 : 14 :  :: 219 :: 7
71 : 29 : 17 :  :: 221 :: 10
73 : 29 : 16 :  :: 222 :: 11
73 : 27 : 25 :  :: 227 :: 9
resumen
convergencia-instancias.conv
------------------------------------------------------------------------
---------------------------- RESUMEN FINAL -----------------------------
------------------------------------------------------------------------
		TASA_CL 		73 		[70 .. 73]
		FACT_CL 		27 		[27 .. 30]
		TASA_RP 		21 		[14 .. 21]
------------------------------------------------------------------------
------------------------------------------------------------------------
fin resumen
------------------------------------------------------------------------
----------------- ITERACION : 12 -------------------------------------
------------------------------------------------------------------------
-----------------AGREGANDO NUEVAS CALiBRACIONES ------------------------
------------------------------------------------------------------------
(calibracion 0) 73 27 18 ./csp instancias/pb_200_01.txt 0.3 0.7 0.2
ClonationFactor: 0.3
ClonationRate: 14
ReplaceRate: 4
Aptitud: 219.00

------------------------------------------------------------------------
----------------------------CALCULANDO K -------------------------------
------------------------------------------------------------------------
Parametro  |    H0    |    K    |   Rango   | Rango Inicial | 
0     1.79176     0.867563    [ 70 : 73]    [ 0 : 100]
1     1.56071     1.0114    [ 27 : 30]    [ 0 : 100]
2     1.79176     1.56071    [ 17 : 21]    [ 0 : 100]

-----------------------Calibraciones-------------------------
70 : 27 : 21 :  :: 199 :: 5
73 : 30 : 21 :  :: 208 :: 8
73 : 27 : 18 :  :: 219 :: 12
71 : 29 : 17 :  :: 221 :: 10
73 : 29 : 16 :  :: 222 :: 11
73 : 27 : 25 :  :: 227 :: 9
resumen
convergencia-instancias.conv
------------------------------------------------------------------------
---------------------------- RESUMEN FINAL -----------------------------
------------------------------------------------------------------------
		TASA_CL 		73 		[70 .. 73]
		FACT_CL 		27 		[27 .. 30]
		TASA_RP 		21 		[18 .. 21]
------------------------------------------------------------------------
------------------------------------------------------------------------
fin resumen
------------------------------------------------------------------------
----------------- ITERACION : 13 -------------------------------------
------------------------------------------------------------------------
-----------------AGREGANDO NUEVAS CALiBRACIONES ------------------------
------------------------------------------------------------------------
(calibracion 0) 73 27 18 ./csp instancias/pb_200_01.txt 0.3 0.7 0.2
ClonationFactor: 0.3
ClonationRate: 14
ReplaceRate: 4
Aptitud: 211.00

------------------------------------------------------------------------
----------------------------CALCULANDO K -------------------------------
------------------------------------------------------------------------
Parametro  |    H0    |    K    |   Rango   | Rango Inicial | 
0     1.79176     0.867563    [ 70 : 73]    [ 0 : 100]
1     1.56071     0.636514    [ 27 : 29]    [ 0 : 100]
2     1.79176     1.56071    [ 17 : 21]    [ 0 : 100]

-----------------------Calibraciones-------------------------
70 : 27 : 21 :  :: 199 :: 5
73 : 27 : 18 :  :: 211 :: 13
73 : 27 : 18 :  :: 219 :: 12
71 : 29 : 17 :  :: 221 :: 10
73 : 29 : 16 :  :: 222 :: 11
73 : 27 : 25 :  :: 227 :: 9
resumen
convergencia-instancias.conv
------------------------------------------------------------------------
---------------------------- RESUMEN FINAL -----------------------------
------------------------------------------------------------------------
		TASA_CL 		73 		[70 .. 73]
		FACT_CL 		27 		[27 .. 27]
		TASA_RP 		18 		[18 .. 21]
------------------------------------------------------------------------
------------------------------------------------------------------------
fin resumen
------------------------------------------------------------------------
----------------- ITERACION : 14 -------------------------------------
------------------------------------------------------------------------
-----------------AGREGANDO NUEVAS CALiBRACIONES ------------------------
------------------------------------------------------------------------
(calibracion 0) 73 27 20 ./csp instancias/pb_200_01.txt 0.3 0.7 0.2
ClonationFactor: 0.3
ClonationRate: 14
ReplaceRate: 4
Aptitud: 228.00

------------------------------------------------------------------------
----------------------------CALCULANDO K -------------------------------
------------------------------------------------------------------------
Parametro  |    H0    |    K    |   Rango   | Rango Inicial | 
0     1.79176     0.867563    [ 70 : 73]    [ 0 : 100]
1     1.56071     0.636514    [ 27 : 27]    [ 0 : 100]
2     1.79176     1.56071    [ 18 : 21]    [ 0 : 100]

-----------------------Calibraciones-------------------------
70 : 27 : 21 :  :: 199 :: 5
73 : 27 : 18 :  :: 211 :: 13
73 : 27 : 18 :  :: 219 :: 12
71 : 29 : 17 :  :: 221 :: 10
73 : 29 : 16 :  :: 222 :: 11
73 : 27 : 20 :  :: 228 :: 14
resumen
convergencia-instancias.conv
------------------------------------------------------------------------
---------------------------- RESUMEN FINAL -----------------------------
------------------------------------------------------------------------
		TASA_CL 		73 		[70 .. 73]
		FACT_CL 		27 		[27 .. 27]
		TASA_RP 		18 		[18 .. 21]
------------------------------------------------------------------------
------------------------------------------------------------------------
fin resumen
------------------------------------------------------------------------
----------------- ITERACION : 15 -------------------------------------
------------------------------------------------------------------------
-----------------AGREGANDO NUEVAS CALiBRACIONES ------------------------
------------------------------------------------------------------------
(calibracion 0) 71 27 21 ./csp instancias/pb_200_01.txt 0.3 0.7 0.2
ClonationFactor: 0.3
ClonationRate: 14
ReplaceRate: 4
Aptitud: 221.00

------------------------------------------------------------------------
----------------------------CALCULANDO K -------------------------------
------------------------------------------------------------------------
Parametro  |    H0    |    K    |   Rango   | Rango Inicial | 
0     1.79176     0.867563    [ 70 : 73]    [ 0 : 100]
1     1.56071     0.450561    [ 27 : 27]    [ 0 : 100]
2     1.79176     1.32966    [ 18 : 21]    [ 0 : 100]

-----------------------Calibraciones-------------------------
70 : 27 : 21 :  :: 199 :: 5
73 : 27 : 18 :  :: 211 :: 13
73 : 27 : 18 :  :: 219 :: 12
71 : 27 : 21 :  :: 221 :: 15
73 : 29 : 16 :  :: 222 :: 11
73 : 27 : 20 :  :: 228 :: 14
resumen
convergencia-instancias.conv
------------------------------------------------------------------------
---------------------------- RESUMEN FINAL -----------------------------
------------------------------------------------------------------------
		TASA_CL 		73 		[70 .. 73]
		FACT_CL 		27 		[27 .. 27]
		TASA_RP 		18 		[18 .. 21]
------------------------------------------------------------------------
------------------------------------------------------------------------
fin resumen
------------------------------------------------------------------------
----------------- ITERACION : 16 -------------------------------------
------------------------------------------------------------------------
-----------------AGREGANDO NUEVAS CALiBRACIONES ------------------------
------------------------------------------------------------------------
(calibracion 0) 70 27 18 ./csp instancias/pb_200_01.txt 0.3 0.7 0.2
ClonationFactor: 0.3
ClonationRate: 14
ReplaceRate: 4
Aptitud: 215.00

------------------------------------------------------------------------
----------------------------CALCULANDO K -------------------------------
------------------------------------------------------------------------
Parametro  |    H0    |    K    |   Rango   | Rango Inicial | 
0     1.79176     1.0114    [ 70 : 73]    [ 0 : 100]
1     1.56071     0    [ 27 : 27]    [ 0 : 100]
2     1.79176     1.0114    [ 18 : 21]    [ 0 : 100]

-----------------------Calibraciones-------------------------
70 : 27 : 21 :  :: 199 :: 5
73 : 27 : 18 :  :: 211 :: 13
70 : 27 : 18 :  :: 215 :: 16
73 : 27 : 18 :  :: 219 :: 12
71 : 27 : 21 :  :: 221 :: 15
73 : 27 : 20 :  :: 228 :: 14
resumen
convergencia-instancias.conv
------------------------------------------------------------------------
---------------------------- RESUMEN FINAL -----------------------------
------------------------------------------------------------------------
		TASA_CL 		70 		[70 .. 73]
		FACT_CL 		27 		[27 .. 27]
		TASA_RP 		18 		[18 .. 21]
------------------------------------------------------------------------
------------------------------------------------------------------------
fin resumen
------------------------------------------------------------------------
----------------- ITERACION : 17 -------------------------------------
------------------------------------------------------------------------
-----------------AGREGANDO NUEVAS CALiBRACIONES ------------------------
------------------------------------------------------------------------
(calibracion 0) 71 27 19 ./csp instancias/pb_200_01.txt 0.3 0.7 0.2
ClonationFactor: 0.3
ClonationRate: 14
ReplaceRate: 4
Aptitud: 207.00

------------------------------------------------------------------------
----------------------------CALCULANDO K -------------------------------
------------------------------------------------------------------------
Parametro  |    H0    |    K    |   Rango   | Rango Inicial | 
0     1.79176     1.09861    [ 70 : 73]    [ 0 : 100]
1     1.56071     0    [ 27 : 27]    [ 0 : 100]
2     1.79176     1.32966    [ 18 : 21]    [ 0 : 100]

-----------------------Calibraciones-------------------------
70 : 27 : 21 :  :: 199 :: 5
71 : 27 : 19 :  :: 207 :: 17
73 : 27 : 18 :  :: 211 :: 13
70 : 27 : 18 :  :: 215 :: 16
71 : 27 : 21 :  :: 221 :: 15
73 : 27 : 20 :  :: 228 :: 14
resumen
convergencia-instancias.conv
------------------------------------------------------------------------
---------------------------- RESUMEN FINAL -----------------------------
------------------------------------------------------------------------
		TASA_CL 		71 		[70 .. 73]
		FACT_CL 		27 		[27 .. 27]
		TASA_RP 		19 		[18 .. 21]
------------------------------------------------------------------------
------------------------------------------------------------------------
fin resumen
------------------------------------------------------------------------
----------------- ITERACION : 18 -------------------------------------
------------------------------------------------------------------------
-----------------AGREGANDO NUEVAS CALiBRACIONES ------------------------
------------------------------------------------------------------------
(calibracion 0) 70 27 18 ./csp instancias/pb_200_01.txt 0.3 0.7 0.2
ClonationFactor: 0.3
ClonationRate: 14
ReplaceRate: 4
Aptitud: 217.00

------------------------------------------------------------------------
----------------------------CALCULANDO K -------------------------------
------------------------------------------------------------------------
Parametro  |    H0    |    K    |   Rango   | Rango Inicial | 
0     1.79176     1.0114    [ 70 : 71]    [ 0 : 100]
1     1.56071     0    [ 27 : 27]    [ 0 : 100]
2     1.79176     1.32966    [ 18 : 21]    [ 0 : 100]

-----------------------Calibraciones-------------------------
70 : 27 : 21 :  :: 199 :: 5
71 : 27 : 19 :  :: 207 :: 17
70 : 27 : 18 :  :: 215 :: 16
70 : 27 : 18 :  :: 217 :: 18
71 : 27 : 21 :  :: 221 :: 15
73 : 27 : 20 :  :: 228 :: 14
resumen
convergencia-instancias.conv
------------------------------------------------------------------------
---------------------------- RESUMEN FINAL -----------------------------
------------------------------------------------------------------------
		TASA_CL 		70 		[70 .. 71]
		FACT_CL 		27 		[27 .. 27]
		TASA_RP 		19 		[18 .. 21]
------------------------------------------------------------------------
------------------------------------------------------------------------
fin resumen
------------------------------------------------------------------------
----------------- ITERACION : 19 -------------------------------------
------------------------------------------------------------------------
-----------------AGREGANDO NUEVAS CALiBRACIONES ------------------------
------------------------------------------------------------------------
(calibracion 0) 71 27 18 ./csp instancias/pb_200_01.txt 0.3 0.7 0.2
ClonationFactor: 0.3
ClonationRate: 14
ReplaceRate: 4
Aptitud: 212.00

------------------------------------------------------------------------
----------------------------CALCULANDO K -------------------------------
------------------------------------------------------------------------
Parametro  |    H0    |    K    |   Rango   | Rango Inicial | 
0     1.79176     0.693147    [ 70 : 71]    [ 0 : 100]
1     1.56071     0    [ 27 : 27]    [ 0 : 100]
2     1.79176     1.0114    [ 18 : 21]    [ 0 : 100]

-----------------------Calibraciones-------------------------
70 : 27 : 21 :  :: 199 :: 5
71 : 27 : 19 :  :: 207 :: 17
71 : 27 : 18 :  :: 212 :: 19
70 : 27 : 18 :  :: 215 :: 16
70 : 27 : 18 :  :: 217 :: 18
71 : 27 : 21 :  :: 221 :: 15
resumen
convergencia-instancias.conv
------------------------------------------------------------------------
---------------------------- RESUMEN FINAL -----------------------------
------------------------------------------------------------------------
		TASA_CL 		71 		[70 .. 71]
		FACT_CL 		27 		[27 .. 27]
		TASA_RP 		19 		[18 .. 21]
------------------------------------------------------------------------
------------------------------------------------------------------------
fin resumen
------------------------------------------------------------------------
----------------- ITERACION : 20 -------------------------------------
------------------------------------------------------------------------
-----------------AGREGANDO NUEVAS CALiBRACIONES ------------------------
------------------------------------------------------------------------
(calibracion 0) 71 27 21 ./csp instancias/pb_200_01.txt 0.3 0.7 0.2
ClonationFactor: 0.3
ClonationRate: 14
ReplaceRate: 4
Aptitud: 227.00

------------------------------------------------------------------------
----------------------------CALCULANDO K -------------------------------
------------------------------------------------------------------------
Parametro  |    H0    |    K    |   Rango   | Rango Inicial | 
0     1.79176     0.693147    [ 70 : 71]    [ 0 : 100]
1     1.56071     0    [ 27 : 27]    [ 0 : 100]
2     1.79176     1.0114    [ 18 : 21]    [ 0 : 100]

-----------------------Calibraciones-------------------------
70 : 27 : 21 :  :: 199 :: 5
71 : 27 : 19 :  :: 207 :: 17
71 : 27 : 18 :  :: 212 :: 19
70 : 27 : 18 :  :: 215 :: 16
70 : 27 : 18 :  :: 217 :: 18
71 : 27 : 21 :  :: 227 :: 20
resumen
convergencia-instancias.conv
------------------------------------------------------------------------
---------------------------- RESUMEN FINAL -----------------------------
------------------------------------------------------------------------
		TASA_CL 		71 		[70 .. 71]
		FACT_CL 		27 		[27 .. 27]
		TASA_RP 		19 		[18 .. 21]
------------------------------------------------------------------------
------------------------------------------------------------------------
fin resumen
------------------------------------------------------------------------
----------------- ITERACION : 21 -------------------------------------
------------------------------------------------------------------------
-----------------AGREGANDO NUEVAS CALiBRACIONES ------------------------
------------------------------------------------------------------------
(calibracion 0) 70 27 19 ./csp instancias/pb_200_01.txt 0.3 0.7 0.2
ClonationFactor: 0.3
ClonationRate: 14
ReplaceRate: 4
Aptitud: 218.00

------------------------------------------------------------------------
----------------------------CALCULANDO K -------------------------------
------------------------------------------------------------------------
Parametro  |    H0    |    K    |   Rango   | Rango Inicial | 
0     1.79176     0.693147    [ 70 : 71]    [ 0 : 100]
1     1.56071     0    [ 27 : 27]    [ 0 : 100]
2     1.79176     1.09861    [ 18 : 21]    [ 0 : 100]

-----------------------Calibraciones-------------------------
70 : 27 : 21 :  :: 199 :: 5
71 : 27 : 19 :  :: 207 :: 17
71 : 27 : 18 :  :: 212 :: 19
70 : 27 : 18 :  :: 217 :: 18
70 : 27 : 19 :  :: 218 :: 21
71 : 27 : 21 :  :: 227 :: 20
resumen
convergencia-instancias.conv
------------------------------------------------------------------------
---------------------------- RESUMEN FINAL -----------------------------
------------------------------------------------------------------------
		TASA_CL 		71 		[70 .. 71]
		FACT_CL 		27 		[27 .. 27]
		TASA_RP 		19 		[18 .. 21]
------------------------------------------------------------------------
------------------------------------------------------------------------
fin resumen
------------------------------------------------------------------------
----------------- ITERACION : 22 -------------------------------------
------------------------------------------------------------------------
-----------------AGREGANDO NUEVAS CALiBRACIONES ------------------------
------------------------------------------------------------------------
(calibracion 0) 70 27 19 ./csp instancias/pb_200_01.txt 0.3 0.7 0.2
ClonationFactor: 0.3
ClonationRate: 14
ReplaceRate: 4
Aptitud: 216.00

------------------------------------------------------------------------
----------------------------CALCULANDO K -------------------------------
------------------------------------------------------------------------
Parametro  |    H0    |    K    |   Rango   | Rango Inicial | 
0     1.79176     0.636514    [ 70 : 71]    [ 0 : 100]
1     1.56071     0    [ 27 : 27]    [ 0 : 100]
2     1.79176     1.09861    [ 18 : 21]    [ 0 : 100]

-----------------------Calibraciones-------------------------
70 : 27 : 21 :  :: 199 :: 5
71 : 27 : 18 :  :: 212 :: 19
70 : 27 : 19 :  :: 216 :: 22
70 : 27 : 18 :  :: 217 :: 18
70 : 27 : 19 :  :: 218 :: 21
71 : 27 : 21 :  :: 227 :: 20
resumen
convergencia-instancias.conv
------------------------------------------------------------------------
---------------------------- RESUMEN FINAL -----------------------------
------------------------------------------------------------------------
		TASA_CL 		70 		[70 .. 71]
		FACT_CL 		27 		[27 .. 27]
		TASA_RP 		19 		[18 .. 21]
------------------------------------------------------------------------
------------------------------------------------------------------------
fin resumen
------------------------------------------------------------------------
----------------- ITERACION : 23 -------------------------------------
------------------------------------------------------------------------
-----------------AGREGANDO NUEVAS CALiBRACIONES ------------------------
------------------------------------------------------------------------
(calibracion 0) 70 27 20 ./csp instancias/pb_200_01.txt 0.3 0.7 0.2
ClonationFactor: 0.3
ClonationRate: 14
ReplaceRate: 4
Aptitud: 231.00

------------------------------------------------------------------------
----------------------------CALCULANDO K -------------------------------
------------------------------------------------------------------------
Parametro  |    H0    |    K    |   Rango   | Rango Inicial | 
0     1.79176     0.636514    [ 70 : 71]    [ 0 : 100]
1     1.56071     0    [ 27 : 27]    [ 0 : 100]
2     1.79176     1.32966    [ 18 : 21]    [ 0 : 100]

-----------------------Calibraciones-------------------------
70 : 27 : 21 :  :: 199 :: 5
71 : 27 : 18 :  :: 212 :: 19
70 : 27 : 19 :  :: 216 :: 22
70 : 27 : 19 :  :: 218 :: 21
71 : 27 : 21 :  :: 227 :: 20
70 : 27 : 20 :  :: 231 :: 23
resumen
convergencia-instancias.conv
------------------------------------------------------------------------
---------------------------- RESUMEN FINAL -----------------------------
------------------------------------------------------------------------
		TASA_CL 		70 		[70 .. 71]
		FACT_CL 		27 		[27 .. 27]
		TASA_RP 		19 		[18 .. 21]
------------------------------------------------------------------------
------------------------------------------------------------------------
fin resumen
------------------------------------------------------------------------
----------------- ITERACION : 24 -------------------------------------
------------------------------------------------------------------------
-----------------AGREGANDO NUEVAS CALiBRACIONES ------------------------
------------------------------------------------------------------------
(calibracion 0) 70 27 20 ./csp instancias/pb_200_01.txt 0.3 0.7 0.2
ClonationFactor: 0.3
ClonationRate: 14
ReplaceRate: 4
Aptitud: 209.00

------------------------------------------------------------------------
----------------------------CALCULANDO K -------------------------------
------------------------------------------------------------------------
Parametro  |    H0    |    K    |   Rango   | Rango Inicial | 
0     1.79176     0.450561    [ 70 : 70]    [ 0 : 100]
1     1.56071     0    [ 27 : 27]    [ 0 : 100]
2     1.79176     1.09861    [ 19 : 21]    [ 0 : 100]

-----------------------Calibraciones-------------------------
70 : 27 : 21 :  :: 199 :: 5
70 : 27 : 20 :  :: 209 :: 24
70 : 27 : 19 :  :: 216 :: 22
70 : 27 : 19 :  :: 218 :: 21
71 : 27 : 21 :  :: 227 :: 20
70 : 27 : 20 :  :: 231 :: 23
resumen
convergencia-instancias.conv
------------------------------------------------------------------------
---------------------------- RESUMEN FINAL -----------------------------
------------------------------------------------------------------------
		TASA_CL 		70 		[70 .. 70]
		FACT_CL 		27 		[27 .. 27]
		TASA_RP 		20 		[19 .. 21]
------------------------------------------------------------------------
------------------------------------------------------------------------
fin resumen
------------------------------------------------------------------------
----------------- ITERACION : 25 -------------------------------------
------------------------------------------------------------------------
-----------------AGREGANDO NUEVAS CALiBRACIONES ------------------------
------------------------------------------------------------------------
(calibracion 0) 70 27 19 ./csp instancias/pb_200_01.txt 0.3 0.7 0.2
ClonationFactor: 0.3
ClonationRate: 14
ReplaceRate: 4
Aptitud: 218.00

------------------------------------------------------------------------
----------------------------CALCULANDO K -------------------------------
------------------------------------------------------------------------
Parametro  |    H0    |    K    |   Rango   | Rango Inicial | 
0     1.79176     0    [ 70 : 70]    [ 0 : 100]
1     1.56071     0    [ 27 : 27]    [ 0 : 100]
2     1.79176     1.0114    [ 19 : 21]    [ 0 : 100]

-----------------------Calibraciones-------------------------
70 : 27 : 21 :  :: 199 :: 5
70 : 27 : 20 :  :: 209 :: 24
70 : 27 : 19 :  :: 216 :: 22
70 : 27 : 19 :  :: 218 :: 21
70 : 27 : 19 :  :: 218 :: 25
70 : 27 : 20 :  :: 231 :: 23
resumen
convergencia-instancias.conv
------------------------------------------------------------------------
---------------------------- RESUMEN FINAL -----------------------------
------------------------------------------------------------------------
		TASA_CL 		70 		[70 .. 70]
		FACT_CL 		27 		[27 .. 27]
		TASA_RP 		20 		[19 .. 21]
------------------------------------------------------------------------
------------------------------------------------------------------------
fin resumen
------------------------------------------------------------------------
----------------- ITERACION : 26 -------------------------------------
------------------------------------------------------------------------
-----------------AGREGANDO NUEVAS CALiBRACIONES ------------------------
------------------------------------------------------------------------
(calibracion 0) 70 27 20 ./csp instancias/pb_200_01.txt 0.3 0.7 0.2
ClonationFactor: 0.3
ClonationRate: 14
ReplaceRate: 4
Aptitud: 218.00

------------------------------------------------------------------------
----------------------------CALCULANDO K -------------------------------
------------------------------------------------------------------------
Parametro  |    H0    |    K    |   Rango   | Rango Inicial | 
0     1.79176     0    [ 70 : 70]    [ 0 : 100]
1     1.56071     0    [ 27 : 27]    [ 0 : 100]
2     1.79176     1.0114    [ 19 : 21]    [ 0 : 100]

-----------------------Calibraciones-------------------------
70 : 27 : 21 :  :: 199 :: 5
70 : 27 : 20 :  :: 209 :: 24
70 : 27 : 19 :  :: 216 :: 22
70 : 27 : 19 :  :: 218 :: 25
70 : 27 : 20 :  :: 218 :: 26
70 : 27 : 20 :  :: 231 :: 23
resumen
convergencia-instancias.conv
------------------------------------------------------------------------
---------------------------- RESUMEN FINAL -----------------------------
------------------------------------------------------------------------
		TASA_CL 		70 		[70 .. 70]
		FACT_CL 		27 		[27 .. 27]
		TASA_RP 		20 		[19 .. 21]
------------------------------------------------------------------------
------------------------------------------------------------------------
fin resumen
------------------------------------------------------------------------
----------------- ITERACION : 27 -------------------------------------
------------------------------------------------------------------------
-----------------AGREGANDO NUEVAS CALiBRACIONES ------------------------
------------------------------------------------------------------------
(calibracion 0) 70 27 20 ./csp instancias/pb_200_01.txt 0.3 0.7 0.2
ClonationFactor: 0.3
ClonationRate: 14
ReplaceRate: 4
Aptitud: 217.00

------------------------------------------------------------------------
----------------------------CALCULANDO K -------------------------------
------------------------------------------------------------------------
Parametro  |    H0    |    K    |   Rango   | Rango Inicial | 
0     1.79176     0    [ 70 : 70]    [ 0 : 100]
1     1.56071     0    [ 27 : 27]    [ 0 : 100]
2     1.79176     0.867563    [ 19 : 21]    [ 0 : 100]

-----------------------Calibraciones-------------------------
70 : 27 : 21 :  :: 199 :: 5
70 : 27 : 20 :  :: 209 :: 24
70 : 27 : 20 :  :: 217 :: 27
70 : 27 : 19 :  :: 218 :: 25
70 : 27 : 20 :  :: 218 :: 26
70 : 27 : 20 :  :: 231 :: 23
resumen
convergencia-instancias.conv
------------------------------------------------------------------------
---------------------------- RESUMEN FINAL -----------------------------
------------------------------------------------------------------------
		TASA_CL 		70 		[70 .. 70]
		FACT_CL 		27 		[27 .. 27]
		TASA_RP 		20 		[20 .. 21]
------------------------------------------------------------------------
------------------------------------------------------------------------
fin resumen
------------------------------------------------------------------------
----------------- ITERACION : 28 -------------------------------------
------------------------------------------------------------------------
-----------------AGREGANDO NUEVAS CALiBRACIONES ------------------------
------------------------------------------------------------------------
(calibracion 0) 70 27 21 ./csp instancias/pb_200_01.txt 0.3 0.7 0.2
ClonationFactor: 0.3
ClonationRate: 14
ReplaceRate: 4
Aptitud: 221.00

------------------------------------------------------------------------
----------------------------CALCULANDO K -------------------------------
------------------------------------------------------------------------
Parametro  |    H0    |    K    |   Rango   | Rango Inicial | 
0     1.79176     0    [ 70 : 70]    [ 0 : 100]
1     1.56071     0    [ 27 : 27]    [ 0 : 100]
2     1.79176     1.0114    [ 20 : 21]    [ 0 : 100]

-----------------------Calibraciones-------------------------
70 : 27 : 21 :  :: 199 :: 5
70 : 27 : 20 :  :: 209 :: 24
70 : 27 : 20 :  :: 217 :: 27
70 : 27 : 19 :  :: 218 :: 25
70 : 27 : 20 :  :: 218 :: 26
70 : 27 : 21 :  :: 221 :: 28
resumen
convergencia-instancias.conv
------------------------------------------------------------------------
---------------------------- RESUMEN FINAL -----------------------------
------------------------------------------------------------------------
		TASA_CL 		70 		[70 .. 70]
		FACT_CL 		27 		[27 .. 27]
		TASA_RP 		20 		[20 .. 21]
------------------------------------------------------------------------
------------------------------------------------------------------------
fin resumen
------------------------------------------------------------------------
----------------- ITERACION : 29 -------------------------------------
------------------------------------------------------------------------
-----------------AGREGANDO NUEVAS CALiBRACIONES ------------------------
------------------------------------------------------------------------
(calibracion 0) 70 27 19 ./csp instancias/pb_200_01.txt 0.3 0.7 0.2
ClonationFactor: 0.3
ClonationRate: 14
ReplaceRate: 4
Aptitud: 215.00

------------------------------------------------------------------------
----------------------------CALCULANDO K -------------------------------
------------------------------------------------------------------------
Parametro  |    H0    |    K    |   Rango   | Rango Inicial | 
0     1.79176     0    [ 70 : 70]    [ 0 : 100]
1     1.56071     0    [ 27 : 27]    [ 0 : 100]
2     1.79176     1.09861    [ 19 : 21]    [ 0 : 100]

-----------------------Calibraciones-------------------------
70 : 27 : 21 :  :: 199 :: 5
70 : 27 : 19 :  :: 215 :: 29
70 : 27 : 20 :  :: 217 :: 27
70 : 27 : 19 :  :: 218 :: 25
70 : 27 : 20 :  :: 218 :: 26
70 : 27 : 21 :  :: 221 :: 28
resumen
convergencia-instancias.conv
------------------------------------------------------------------------
---------------------------- RESUMEN FINAL -----------------------------
------------------------------------------------------------------------
		TASA_CL 		70 		[70 .. 70]
		FACT_CL 		27 		[27 .. 27]
		TASA_RP 		20 		[19 .. 21]
------------------------------------------------------------------------
------------------------------------------------------------------------
fin resumen
------------------------------------------------------------------------
----------------- ITERACION : 30 -------------------------------------
------------------------------------------------------------------------
-----------------AGREGANDO NUEVAS CALiBRACIONES ------------------------
------------------------------------------------------------------------
(calibracion 0) 70 27 21 ./csp instancias/pb_200_01.txt 0.3 0.7 0.2
ClonationFactor: 0.3
ClonationRate: 14
ReplaceRate: 4
Aptitud: 226.00

------------------------------------------------------------------------
----------------------------CALCULANDO K -------------------------------
------------------------------------------------------------------------
Parametro  |    H0    |    K    |   Rango   | Rango Inicial | 
0     1.79176     0    [ 70 : 70]    [ 0 : 100]
1     1.56071     0    [ 27 : 27]    [ 0 : 100]
2     1.79176     1.0114    [ 19 : 21]    [ 0 : 100]

-----------------------Calibraciones-------------------------
70 : 27 : 21 :  :: 199 :: 5
70 : 27 : 19 :  :: 215 :: 29
70 : 27 : 20 :  :: 217 :: 27
70 : 27 : 20 :  :: 218 :: 26
70 : 27 : 21 :  :: 221 :: 28
70 : 27 : 21 :  :: 226 :: 30
resumen
convergencia-instancias.conv
------------------------------------------------------------------------
---------------------------- RESUMEN FINAL -----------------------------
------------------------------------------------------------------------
		TASA_CL 		70 		[70 .. 70]
		FACT_CL 		27 		[27 .. 27]
		TASA_RP 		20 		[19 .. 21]
------------------------------------------------------------------------
------------------------------------------------------------------------
fin resumen
------------------------------------------------------------------------
----------------- ITERACION : 31 -------------------------------------
------------------------------------------------------------------------
-----------------AGREGANDO NUEVAS CALiBRACIONES ------------------------
------------------------------------------------------------------------
(calibracion 0) 70 27 21 ./csp instancias/pb_200_01.txt 0.3 0.7 0.2
ClonationFactor: 0.3
ClonationRate: 14
ReplaceRate: 4
Aptitud: 215.00

------------------------------------------------------------------------
----------------------------CALCULANDO K -------------------------------
------------------------------------------------------------------------
Parametro  |    H0    |    K    |   Rango   | Rango Inicial | 
0     1.79176     0    [ 70 : 70]    [ 0 : 100]
1     1.56071     0    [ 27 : 27]    [ 0 : 100]
2     1.79176     0.867563    [ 19 : 21]    [ 0 : 100]

-----------------------Calibraciones-------------------------
70 : 27 : 21 :  :: 199 :: 5
70 : 27 : 19 :  :: 215 :: 29
70 : 27 : 21 :  :: 215 :: 31
70 : 27 : 20 :  :: 217 :: 27
70 : 27 : 21 :  :: 221 :: 28
70 : 27 : 21 :  :: 226 :: 30
resumen
convergencia-instancias.conv
------------------------------------------------------------------------
---------------------------- RESUMEN FINAL -----------------------------
------------------------------------------------------------------------
		TASA_CL 		70 		[70 .. 70]
		FACT_CL 		27 		[27 .. 27]
		TASA_RP 		21 		[19 .. 21]
------------------------------------------------------------------------
------------------------------------------------------------------------
fin resumen
------------------------------------------------------------------------
----------------- ITERACION : 32 -------------------------------------
------------------------------------------------------------------------
-----------------AGREGANDO NUEVAS CALiBRACIONES ------------------------
------------------------------------------------------------------------
(calibracion 0) 70 27 20 ./csp instancias/pb_200_01.txt 0.3 0.7 0.2
ClonationFactor: 0.3
ClonationRate: 14
ReplaceRate: 4
Aptitud: 215.00

------------------------------------------------------------------------
----------------------------CALCULANDO K -------------------------------
------------------------------------------------------------------------
Parametro  |    H0    |    K    |   Rango   | Rango Inicial | 
0     1.79176     0    [ 70 : 70]    [ 0 : 100]
1     1.56071     0    [ 27 : 27]    [ 0 : 100]
2     1.79176     0.867563    [ 19 : 21]    [ 0 : 100]

-----------------------Calibraciones-------------------------
70 : 27 : 21 :  :: 199 :: 5
70 : 27 : 19 :  :: 215 :: 29
70 : 27 : 21 :  :: 215 :: 31
70 : 27 : 20 :  :: 215 :: 32
70 : 27 : 21 :  :: 221 :: 28
70 : 27 : 21 :  :: 226 :: 30
resumen
convergencia-instancias.conv
------------------------------------------------------------------------
---------------------------- RESUMEN FINAL -----------------------------
------------------------------------------------------------------------
		TASA_CL 		70 		[70 .. 70]
		FACT_CL 		27 		[27 .. 27]
		TASA_RP 		21 		[19 .. 21]
------------------------------------------------------------------------
------------------------------------------------------------------------
fin resumen
------------------------------------------------------------------------
----------------- ITERACION : 33 -------------------------------------
------------------------------------------------------------------------
-----------------AGREGANDO NUEVAS CALiBRACIONES ------------------------
------------------------------------------------------------------------
(calibracion 0) 70 27 21 ./csp instancias/pb_200_01.txt 0.3 0.7 0.2
ClonationFactor: 0.3
ClonationRate: 14
ReplaceRate: 4
Aptitud: 216.00

------------------------------------------------------------------------
----------------------------CALCULANDO K -------------------------------
------------------------------------------------------------------------
Parametro  |    H0    |    K    |   Rango   | Rango Inicial | 
0     1.79176     0    [ 70 : 70]    [ 0 : 100]
1     1.56071     0    [ 27 : 27]    [ 0 : 100]
2     1.79176     0.867563    [ 19 : 21]    [ 0 : 100]

-----------------------Calibraciones-------------------------
70 : 27 : 21 :  :: 199 :: 5
70 : 27 : 19 :  :: 215 :: 29
70 : 27 : 21 :  :: 215 :: 31
70 : 27 : 20 :  :: 215 :: 32
70 : 27 : 21 :  :: 216 :: 33
70 : 27 : 21 :  :: 226 :: 30
resumen
convergencia-instancias.conv
------------------------------------------------------------------------
---------------------------- RESUMEN FINAL -----------------------------
------------------------------------------------------------------------
		TASA_CL 		70 		[70 .. 70]
		FACT_CL 		27 		[27 .. 27]
		TASA_RP 		21 		[19 .. 21]
------------------------------------------------------------------------
------------------------------------------------------------------------
fin resumen
------------------------------------------------------------------------
----------------- ITERACION : 34 -------------------------------------
------------------------------------------------------------------------
-----------------AGREGANDO NUEVAS CALiBRACIONES ------------------------
------------------------------------------------------------------------
(calibracion 0) 70 27 21 ./csp instancias/pb_200_01.txt 0.3 0.7 0.2
ClonationFactor: 0.3
ClonationRate: 14
ReplaceRate: 4
Aptitud: 214.00

------------------------------------------------------------------------
----------------------------CALCULANDO K -------------------------------
------------------------------------------------------------------------
Parametro  |    H0    |    K    |   Rango   | Rango Inicial | 
0     1.79176     0    [ 70 : 70]    [ 0 : 100]
1     1.56071     0    [ 27 : 27]    [ 0 : 100]
2     1.79176     0.450561    [ 20 : 21]    [ 0 : 100]

-----------------------Calibraciones-------------------------
70 : 27 : 21 :  :: 199 :: 5
70 : 27 : 21 :  :: 214 :: 34
70 : 27 : 21 :  :: 215 :: 31
70 : 27 : 20 :  :: 215 :: 32
70 : 27 : 21 :  :: 216 :: 33
70 : 27 : 21 :  :: 226 :: 30
resumen
convergencia-instancias.conv
------------------------------------------------------------------------
---------------------------- RESUMEN FINAL -----------------------------
------------------------------------------------------------------------
		TASA_CL 		70 		[70 .. 70]
		FACT_CL 		27 		[27 .. 27]
		TASA_RP 		21 		[21 .. 21]
------------------------------------------------------------------------
------------------------------------------------------------------------
fin resumen
------------------------------------------------------------------------
----------------- ITERACION : 35 -------------------------------------
------------------------------------------------------------------------
-----------------AGREGANDO NUEVAS CALiBRACIONES ------------------------
------------------------------------------------------------------------
(calibracion 0) 70 27 21 ./csp instancias/pb_200_01.txt 0.3 0.7 0.2
ClonationFactor: 0.3
ClonationRate: 14
ReplaceRate: 4
Aptitud: 229.00

------------------------------------------------------------------------
----------------------------CALCULANDO K -------------------------------
------------------------------------------------------------------------
Parametro  |    H0    |    K    |   Rango   | Rango Inicial | 
0     1.79176     0    [ 70 : 70]    [ 0 : 100]
1     1.56071     0    [ 27 : 27]    [ 0 : 100]
2     1.79176     0.450561    [ 21 : 21]    [ 0 : 100]

ENTROOOOOOOOOOOOOOOOOOOOOOOOOOOOOOO
-----------------------Calibraciones-------------------------
70 : 27 : 21 :  :: 199 :: 5
70 : 27 : 21 :  :: 214 :: 34
70 : 27 : 21 :  :: 215 :: 31
70 : 27 : 20 :  :: 215 :: 32
70 : 27 : 21 :  :: 216 :: 33
70 : 27 : 21 :  :: 229 :: 35
resumen
convergencia-instancias.conv
------------------------------------------------------------------------
---------------------------- RESUMEN FINAL -----------------------------
------------------------------------------------------------------------
		TASA_CL 		70 		[70 .. 70]
		FACT_CL 		27 		[27 .. 27]
		TASA_RP 		21 		[21 .. 21]
------------------------------------------------------------------------
------------------------------------------------------------------------
fin resumen
-----------------------Calibraciones-------------------------
70 : 27 : 21 :  :: 199 :: 5
70 : 27 : 21 :  :: 214 :: 34
70 : 27 : 21 :  :: 215 :: 31
70 : 27 : 20 :  :: 215 :: 32
70 : 27 : 21 :  :: 216 :: 33
70 : 27 : 21 :  :: 229 :: 35
convergencia-instancias.conv
------------------------------------------------------------------------
---------------------------- RESUMEN FINAL -----------------------------
------------------------------------------------------------------------
		TASA_CL 		70 		[70 .. 70]
		FACT_CL 		27 		[27 .. 27]
		TASA_RP 		21 		[21 .. 21]
------------------------------------------------------------------------
------------------------------------------------------------------------
