\BOOKMARK [1][-]{section.1}{Introducci\363n}{}% 1
\BOOKMARK [1][-]{section.2}{Definici\363n del Problema}{}% 2
\BOOKMARK [1][-]{section.3}{Estado del Arte}{}% 3
\BOOKMARK [2][-]{subsection.3.1}{Acercamientos heur\355sticos}{section.3}% 4
\BOOKMARK [3][-]{subsubsection.3.1.1}{B\372squeda Local \(Local Search\)}{subsection.3.1}% 5
\BOOKMARK [3][-]{subsubsection.3.1.2}{Acercamiento Voraz \(Greedy approaches\)}{subsection.3.1}% 6
\BOOKMARK [3][-]{subsubsection.3.1.3}{Ant Colony Optimization \(ACO\)}{subsection.3.1}% 7
\BOOKMARK [3][-]{subsubsection.3.1.4}{Algoritmos Gen\351ticos \(Genetic Algorithms\)}{subsection.3.1}% 8
\BOOKMARK [3][-]{subsubsection.3.1.5}{Movimientos}{subsection.3.1}% 9
\BOOKMARK [2][-]{subsection.3.2}{Acercamientos exactos}{section.3}% 10
\BOOKMARK [3][-]{subsubsection.3.2.1}{Integer Lineal Programming}{subsection.3.2}% 11
\BOOKMARK [3][-]{subsubsection.3.2.2}{Ramificaci\363n y Poda \(Branch-and-bound method\)}{subsection.3.2}% 12
\BOOKMARK [3][-]{subsubsection.3.2.3}{Constraint Programming}{subsection.3.2}% 13
\BOOKMARK [2][-]{subsection.3.3}{Acercamientos h\355bridos}{section.3}% 14
\BOOKMARK [3][-]{subsubsection.3.3.1}{Hybrid Integrative Evolutionary Approaches}{subsection.3.3}% 15
\BOOKMARK [1][-]{section.4}{Modelo Matem\341tico}{}% 16
\BOOKMARK [2][-]{subsection.4.1}{Primer modelo}{section.4}% 17
\BOOKMARK [2][-]{subsection.4.2}{Segundo modelo}{section.4}% 18
\BOOKMARK [1][-]{section.5}{Representaci\363n}{}% 19
\BOOKMARK [2][-]{subsection.5.1}{Representaci\363n Matem\341tica}{section.5}% 20
\BOOKMARK [2][-]{subsection.5.2}{Representaci\363n en Estructuras de datos}{section.5}% 21
\BOOKMARK [2][-]{subsection.5.3}{Relaci\363n}{section.5}% 22
\BOOKMARK [1][-]{section.6}{Descripci\363n del algoritmo}{}% 23
\BOOKMARK [2][-]{subsection.6.1}{Poblaci\363n Inicial}{section.6}% 24
\BOOKMARK [2][-]{subsection.6.2}{Evaluaci\363n de la poblaci\363n}{section.6}% 25
\BOOKMARK [2][-]{subsection.6.3}{Selecci\363n de Individuos}{section.6}% 26
\BOOKMARK [2][-]{subsection.6.4}{Transformaci\363n de Individuos}{section.6}% 27
\BOOKMARK [3][-]{subsubsection.6.4.1}{Mutaci\363n}{subsection.6.4}% 28
\BOOKMARK [3][-]{subsubsection.6.4.2}{Cruzamiento}{subsection.6.4}% 29
\BOOKMARK [2][-]{subsection.6.5}{Elitismo}{section.6}% 30
\BOOKMARK [2][-]{subsection.6.6}{Estructura del Algoritmo}{section.6}% 31
\BOOKMARK [2][-]{subsection.6.7}{Par\341metros}{section.6}% 32
\BOOKMARK [1][-]{section.7}{Experimentos}{}% 33
\BOOKMARK [1][-]{section.8}{Resultados}{}% 34
\BOOKMARK [1][-]{section.9}{Conclusiones}{}% 35
\BOOKMARK [1][-]{section.10}{Bibliograf\355a}{}% 36
